input directory
changing file from GIF to png  ./personal_image_ham/001001c6d64b$e232a948$3ba049c2@yg.ljuvt_adhere.gif
001001c6d64b$e232a948$3ba049c2@yg.ljuvt_adhere.png
1
PNG FILE CREATED
Removing GIF file
changing file from GIF to png  ./personal_image_ham/001601c6492d$9804df90$20d16981@nufp.northwestern.edu_image001.gif
001601c6492d$9804df90$20d16981@nufp.northwestern.edu_image001.png
1
PNG FILE CREATED
Removing GIF file
changing file from GIF to png  ./personal_image_ham/001601c6492d$9804df90$20d16981@nufp.northwestern.edu_image002.gif
001601c6492d$9804df90$20d16981@nufp.northwestern.edu_image002.png
1
PNG FILE CREATED
Removing GIF file
changing file from GIF to png  ./personal_image_ham/001601c6492d$9804df90$20d16981@nufp.northwestern.edu_image003.gif
001601c6492d$9804df90$20d16981@nufp.northwestern.edu_image003.png
1
PNG FILE CREATED
Removing GIF file
changing file from GIF to png  ./personal_image_ham/001801c61c55$2096f600$20d16981@nufp.northwestern.edu_image002.gif
001801c61c55$2096f600$20d16981@nufp.northwestern.edu_image002.png
1
PNG FILE CREATED
Removing GIF file
changing file from GIF to png  ./personal_image_ham/001b01c5d58b$b0d310c0$9102a8c0@Levi3_image002.gif
001b01c5d58b$b0d310c0$9102a8c0@Levi3_image002.png
1
PNG FILE CREATED
Removing GIF file
changing file from GIF to png  ./personal_image_ham/001b01c5d58b$b0d310c0$9102a8c0@Levi3_image004.gif
001b01c5d58b$b0d310c0$9102a8c0@Levi3_image004.png
1
PNG FILE CREATED
Removing GIF file
changing file from GIF to png  ./personal_image_ham/001b01c5d58b$b0d310c0$9102a8c0@Levi3_image006.gif
001b01c5d58b$b0d310c0$9102a8c0@Levi3_image006.png
1
PNG FILE CREATED
Removing GIF file
changing file from GIF to png  ./personal_image_ham/002101c69c4b$29682850$10b7c945@ASHER_image001.gif
002101c69c4b$29682850$10b7c945@ASHER_image001.png
1
PNG FILE CREATED
Removing GIF file
changing file from GIF to png  ./personal_image_ham/003e01c6019c$150a7290$9102a8c0@Levi3_image002.gif
003e01c6019c$150a7290$9102a8c0@Levi3_image002.png
1
PNG FILE CREATED
Removing GIF file
changing file from GIF to png  ./personal_image_ham/003e01c6019c$150a7290$9102a8c0@Levi3_image006.gif
003e01c6019c$150a7290$9102a8c0@Levi3_image006.png
1
PNG FILE CREATED
Removing GIF file
changing file from GIF to png  ./personal_image_ham/003e01c6019c$150a7290$9102a8c0@Levi3_image008.gif
003e01c6019c$150a7290$9102a8c0@Levi3_image008.png
1
PNG FILE CREATED
Removing GIF file
changing file from GIF to png  ./personal_image_ham/006001c607e4$debc0600$9102a8c0@Levi3_image005.gif
006001c607e4$debc0600$9102a8c0@Levi3_image005.png
1
PNG FILE CREATED
Removing GIF file
changing file from GIF to png  ./personal_image_ham/006001c607e4$debc0600$9102a8c0@Levi3_image007.gif
006001c607e4$debc0600$9102a8c0@Levi3_image007.png
1
PNG FILE CREATED
Removing GIF file
changing file from GIF to png  ./personal_image_ham/006001c607e4$debc0600$9102a8c0@Levi3_image010.gif
006001c607e4$debc0600$9102a8c0@Levi3_image010.png
1
PNG FILE CREATED
Removing GIF file
changing file from GIF to png  ./personal_image_ham/006001c607e4$debc0600$9102a8c0@Levi3_image013.gif
006001c607e4$debc0600$9102a8c0@Levi3_image013.png
1
PNG FILE CREATED
Removing GIF file
changing file from GIF to png  ./personal_image_ham/006001c607e4$debc0600$9102a8c0@Levi3_image015.gif
006001c607e4$debc0600$9102a8c0@Levi3_image015.png
1
PNG FILE CREATED
Removing GIF file
changing file from GIF to png  ./personal_image_ham/013e01c6d290$b8be7150$14d16981@nufp.northwestern.edu_image001.gif
013e01c6d290$b8be7150$14d16981@nufp.northwestern.edu_image001.png
1
PNG FILE CREATED
Removing GIF file
changing file from GIF to png  ./personal_image_ham/015501c6dd02$7c99dfd0$2101a8c0@phillycarshare.loc_image001.gif
015501c6dd02$7c99dfd0$2101a8c0@phillycarshare.loc_image001.png
1
PNG FILE CREATED
Removing GIF file
changing file from GIF to png  ./personal_image_ham/015c01c73f3c$f8717040$2101a8c0@phillycarshare.loc_image001.gif
015c01c73f3c$f8717040$2101a8c0@phillycarshare.loc_image001.png
1
PNG FILE CREATED
Removing GIF file
changing file from GIF to png  ./personal_image_ham/1000.gif
1000.png
1
PNG FILE CREATED
Removing GIF file
changing file from GIF to png  ./personal_image_ham/1001.gif
1001.png
1
PNG FILE CREATED
Removing GIF file
changing file from GIF to png  ./personal_image_ham/1002.gif
1002.png
1
PNG FILE CREATED
Removing GIF file
changing file from GIF to png  ./personal_image_ham/1003.gif
1003.png
1
PNG FILE CREATED
Removing GIF file
changing file from GIF to png  ./personal_image_ham/1004.gif
1004.png
1
PNG FILE CREATED
Removing GIF file
changing file from GIF to png  ./personal_image_ham/1005.gif
1005.png
1
PNG FILE CREATED
Removing GIF file
changing file from GIF to png  ./personal_image_ham/1006.gif
1006.png
1
PNG FILE CREATED
Removing GIF file
changing file from GIF to png  ./personal_image_ham/1007.gif
1007.png
1
PNG FILE CREATED
Removing GIF file
changing file from GIF to png  ./personal_image_ham/1008.gif
1008.png
1
PNG FILE CREATED
Removing GIF file
changing file from GIF to png  ./personal_image_ham/1009.gif
1009.png
1
PNG FILE CREATED
Removing GIF file
changing file from GIF to png  ./personal_image_ham/1010.gif
1010.png
1
PNG FILE CREATED
Removing GIF file
changing file from GIF to png  ./personal_image_ham/1011.gif
1011.png
1
PNG FILE CREATED
Removing GIF file
changing file from GIF to png  ./personal_image_ham/1012.gif
1012.png
1
PNG FILE CREATED
Removing GIF file
changing file from GIF to png  ./personal_image_ham/1013.gif
1013.png
1
PNG FILE CREATED
Removing GIF file
changing file from GIF to png  ./personal_image_ham/1014.gif
1014.png
1
PNG FILE CREATED
Removing GIF file
changing file from GIF to png  ./personal_image_ham/1015.gif
1015.png
1
PNG FILE CREATED
Removing GIF file
changing file from GIF to png  ./personal_image_ham/1016.gif
1016.png
1
PNG FILE CREATED
Removing GIF file
changing file from GIF to png  ./personal_image_ham/1017.gif
1017.png
1
PNG FILE CREATED
Removing GIF file
changing file from GIF to png  ./personal_image_ham/1018.gif
1018.png
1
PNG FILE CREATED
Removing GIF file
changing file from GIF to png  ./personal_image_ham/1019.gif
1019.png
1
PNG FILE CREATED
Removing GIF file
changing file from GIF to png  ./personal_image_ham/1020.gif
1020.png
1
PNG FILE CREATED
Removing GIF file
changing file from GIF to png  ./personal_image_ham/1021.gif
1021.png
1
PNG FILE CREATED
Removing GIF file
changing file from GIF to png  ./personal_image_ham/1022.gif
1022.png
1
PNG FILE CREATED
Removing GIF file
changing file from GIF to png  ./personal_image_ham/1023.gif
1023.png
1
PNG FILE CREATED
Removing GIF file
changing file from GIF to png  ./personal_image_ham/1024.gif
1024.png
1
PNG FILE CREATED
Removing GIF file
changing file from GIF to png  ./personal_image_ham/1025.gif
1025.png
1
PNG FILE CREATED
Removing GIF file
changing file from GIF to png  ./personal_image_ham/1026.gif
1026.png
1
PNG FILE CREATED
Removing GIF file
changing file from GIF to png  ./personal_image_ham/1027.gif
1027.png
1
PNG FILE CREATED
Removing GIF file
changing file from GIF to png  ./personal_image_ham/1028.gif
1028.png
1
PNG FILE CREATED
Removing GIF file
changing file from GIF to png  ./personal_image_ham/1029.gif
gif2png: not a GIF file
1029.png
0
COULD NOT CREATE PNG
changing file from GIF to png  ./personal_image_ham/1030.gif
gif2png: not a GIF file
1030.png
0
COULD NOT CREATE PNG
changing file from GIF to png  ./personal_image_ham/1031.gif
gif2png: not a GIF file
1031.png
0
COULD NOT CREATE PNG
changing file from GIF to png  ./personal_image_ham/1032.gif
1032.png
1
PNG FILE CREATED
Removing GIF file
changing file from GIF to png  ./personal_image_ham/1033.gif
1033.png
1
PNG FILE CREATED
Removing GIF file
changing file from GIF to png  ./personal_image_ham/1034.gif
1034.png
1
PNG FILE CREATED
Removing GIF file
changing file from GIF to png  ./personal_image_ham/1035.gif
1035.png
1
PNG FILE CREATED
Removing GIF file
changing file from GIF to png  ./personal_image_ham/1036.gif
1036.png
1
PNG FILE CREATED
Removing GIF file
changing file from GIF to png  ./personal_image_ham/1037.gif
1037.png
1
PNG FILE CREATED
Removing GIF file
changing file from GIF to png  ./personal_image_ham/1038.gif
1038.png
1
PNG FILE CREATED
Removing GIF file
changing file from GIF to png  ./personal_image_ham/1039.gif
1039.png
1
PNG FILE CREATED
Removing GIF file
changing file from GIF to png  ./personal_image_ham/1040.gif
1040.png
1
PNG FILE CREATED
Removing GIF file
changing file from GIF to png  ./personal_image_ham/1041.gif
1041.png
1
PNG FILE CREATED
Removing GIF file
changing file from GIF to png  ./personal_image_ham/1042.gif
1042.png
1
PNG FILE CREATED
Removing GIF file
changing file from GIF to png  ./personal_image_ham/1043.gif
1043.png
1
PNG FILE CREATED
Removing GIF file
changing file from GIF to png  ./personal_image_ham/1044.gif
1044.png
1
PNG FILE CREATED
Removing GIF file
changing file from GIF to png  ./personal_image_ham/1045.gif
1045.png
1
PNG FILE CREATED
Removing GIF file
changing file from GIF to png  ./personal_image_ham/1046.gif
gif2png: not a GIF file
1046.png
0
COULD NOT CREATE PNG
changing file from GIF to png  ./personal_image_ham/1047.gif
gif2png: not a GIF file
1047.png
0
COULD NOT CREATE PNG
changing file from GIF to png  ./personal_image_ham/1048.gif
gif2png: not a GIF file
1048.png
0
COULD NOT CREATE PNG
changing file from GIF to png  ./personal_image_ham/1049.gif
gif2png: not a GIF file
1049.png
0
COULD NOT CREATE PNG
changing file from GIF to png  ./personal_image_ham/1050.gif
1050.png
1
PNG FILE CREATED
Removing GIF file
changing file from GIF to png  ./personal_image_ham/1051.gif
1051.png
1
PNG FILE CREATED
Removing GIF file
changing file from GIF to png  ./personal_image_ham/1052.gif
1052.png
1
PNG FILE CREATED
Removing GIF file
changing file from GIF to png  ./personal_image_ham/1053.gif
1053.png
1
PNG FILE CREATED
Removing GIF file
changing file from GIF to png  ./personal_image_ham/1054.gif
1054.png
1
PNG FILE CREATED
Removing GIF file
changing file from GIF to png  ./personal_image_ham/1055.gif
1055.png
1
PNG FILE CREATED
Removing GIF file
changing file from GIF to png  ./personal_image_ham/1056.gif
1056.png
1
PNG FILE CREATED
Removing GIF file
changing file from GIF to png  ./personal_image_ham/1057.gif
1057.png
1
PNG FILE CREATED
Removing GIF file
changing file from GIF to png  ./personal_image_ham/1058.gif
1058.png
1
PNG FILE CREATED
Removing GIF file
changing file from GIF to png  ./personal_image_ham/1059.gif
1059.png
1
PNG FILE CREATED
Removing GIF file
changing file from GIF to png  ./personal_image_ham/1060.gif
1060.png
1
PNG FILE CREATED
Removing GIF file
changing file from GIF to png  ./personal_image_ham/1061.gif
1061.png
1
PNG FILE CREATED
Removing GIF file
changing file from GIF to png  ./personal_image_ham/1062.gif
1062.png
1
PNG FILE CREATED
Removing GIF file
changing file from GIF to png  ./personal_image_ham/1063.gif
1063.png
1
PNG FILE CREATED
Removing GIF file
changing file from GIF to png  ./personal_image_ham/1064.gif
1064.png
1
PNG FILE CREATED
Removing GIF file
changing file from GIF to png  ./personal_image_ham/1065.gif
1065.png
1
PNG FILE CREATED
Removing GIF file
changing file from GIF to png  ./personal_image_ham/1066.gif
1066.png
1
PNG FILE CREATED
Removing GIF file
changing file from GIF to png  ./personal_image_ham/1067.gif
1067.png
1
PNG FILE CREATED
Removing GIF file
changing file from GIF to png  ./personal_image_ham/1068.gif
1068.png
1
PNG FILE CREATED
Removing GIF file
changing file from GIF to png  ./personal_image_ham/1069.gif
1069.png
1
PNG FILE CREATED
Removing GIF file
changing file from GIF to png  ./personal_image_ham/1070.gif
1070.png
1
PNG FILE CREATED
Removing GIF file
changing file from GIF to png  ./personal_image_ham/1071.gif
1071.png
1
PNG FILE CREATED
Removing GIF file
changing file from GIF to png  ./personal_image_ham/1072.gif
1072.png
1
PNG FILE CREATED
Removing GIF file
changing file from GIF to png  ./personal_image_ham/1073.gif
1073.png
1
PNG FILE CREATED
Removing GIF file
changing file from GIF to png  ./personal_image_ham/1074.gif
1074.png
1
PNG FILE CREATED
Removing GIF file
changing file from GIF to png  ./personal_image_ham/1075.gif
1075.png
1
PNG FILE CREATED
Removing GIF file
changing file from GIF to png  ./personal_image_ham/1076.gif
1076.png
1
PNG FILE CREATED
Removing GIF file
changing file from GIF to png  ./personal_image_ham/1077.gif
1077.png
1
PNG FILE CREATED
Removing GIF file
changing file from GIF to png  ./personal_image_ham/1078.gif
1078.png
1
PNG FILE CREATED
Removing GIF file
changing file from GIF to png  ./personal_image_ham/1079.gif
1079.png
1
PNG FILE CREATED
Removing GIF file
changing file from GIF to png  ./personal_image_ham/1080.gif
1080.png
1
PNG FILE CREATED
Removing GIF file
changing file from GIF to png  ./personal_image_ham/1081.gif
1081.png
1
PNG FILE CREATED
Removing GIF file
changing file from GIF to png  ./personal_image_ham/1082.gif
1082.png
1
PNG FILE CREATED
Removing GIF file
changing file from GIF to png  ./personal_image_ham/1083.gif
1083.png
1
PNG FILE CREATED
Removing GIF file
changing file from GIF to png  ./personal_image_ham/1084.gif
1084.png
1
PNG FILE CREATED
Removing GIF file
changing file from GIF to png  ./personal_image_ham/1085.gif
1085.png
1
PNG FILE CREATED
Removing GIF file
changing file from GIF to png  ./personal_image_ham/1086.gif
1086.png
1
PNG FILE CREATED
Removing GIF file
changing file from GIF to png  ./personal_image_ham/1087.gif
1087.png
1
PNG FILE CREATED
Removing GIF file
changing file from GIF to png  ./personal_image_ham/1088.gif
1088.png
1
PNG FILE CREATED
Removing GIF file
changing file from GIF to png  ./personal_image_ham/1089.gif
1089.png
1
PNG FILE CREATED
Removing GIF file
changing file from GIF to png  ./personal_image_ham/1090.gif
1090.png
1
PNG FILE CREATED
Removing GIF file
changing file from GIF to png  ./personal_image_ham/1091.gif
1091.png
1
PNG FILE CREATED
Removing GIF file
changing file from GIF to png  ./personal_image_ham/1092.gif
1092.png
1
PNG FILE CREATED
Removing GIF file
changing file from GIF to png  ./personal_image_ham/1093.gif
1093.png
1
PNG FILE CREATED
Removing GIF file
changing file from GIF to png  ./personal_image_ham/1094.gif
1094.png
1
PNG FILE CREATED
Removing GIF file
changing file from GIF to png  ./personal_image_ham/1095.gif
1095.png
1
PNG FILE CREATED
Removing GIF file
changing file from GIF to png  ./personal_image_ham/1096.gif
1096.png
1
PNG FILE CREATED
Removing GIF file
changing file from GIF to png  ./personal_image_ham/1097.gif
1097.png
1
PNG FILE CREATED
Removing GIF file
changing file from GIF to png  ./personal_image_ham/1098.gif
1098.png
1
PNG FILE CREATED
Removing GIF file
changing file from GIF to png  ./personal_image_ham/1099.gif
1099.png
1
PNG FILE CREATED
Removing GIF file
changing file from GIF to png  ./personal_image_ham/1100.gif
1100.png
1
PNG FILE CREATED
Removing GIF file
changing file from GIF to png  ./personal_image_ham/1101.gif
libpng error: Invalid palette length
1101.png
1
PNG FILE CREATED
Removing GIF file
changing file from GIF to png  ./personal_image_ham/1102.gif
1102.png
1
PNG FILE CREATED
Removing GIF file
changing file from GIF to png  ./personal_image_ham/1103.gif
1103.png
1
PNG FILE CREATED
Removing GIF file
changing file from GIF to png  ./personal_image_ham/1104.gif
1104.png
1
PNG FILE CREATED
Removing GIF file
changing file from GIF to png  ./personal_image_ham/1105.gif
1105.png
1
PNG FILE CREATED
Removing GIF file
changing file from GIF to png  ./personal_image_ham/1106.gif
1106.png
1
PNG FILE CREATED
Removing GIF file
changing file from GIF to png  ./personal_image_ham/1107.gif
1107.png
1
PNG FILE CREATED
Removing GIF file
changing file from GIF to png  ./personal_image_ham/1108.gif
1108.png
1
PNG FILE CREATED
Removing GIF file
changing file from GIF to png  ./personal_image_ham/1109.gif
1109.png
1
PNG FILE CREATED
Removing GIF file
changing file from GIF to png  ./personal_image_ham/1110.gif
1110.png
1
PNG FILE CREATED
Removing GIF file
changing file from GIF to png  ./personal_image_ham/1111.gif
1111.png
1
PNG FILE CREATED
Removing GIF file
changing file from GIF to png  ./personal_image_ham/1112.gif
1112.png
1
PNG FILE CREATED
Removing GIF file
changing file from GIF to png  ./personal_image_ham/1113.gif
1113.png
1
PNG FILE CREATED
Removing GIF file
changing file from GIF to png  ./personal_image_ham/1114.gif
1114.png
1
PNG FILE CREATED
Removing GIF file
changing file from GIF to png  ./personal_image_ham/1115.gif
1115.png
1
PNG FILE CREATED
Removing GIF file
changing file from GIF to png  ./personal_image_ham/1116.gif
1116.png
1
PNG FILE CREATED
Removing GIF file
changing file from GIF to png  ./personal_image_ham/1117.gif
1117.png
1
PNG FILE CREATED
Removing GIF file
changing file from GIF to png  ./personal_image_ham/1118.gif
1118.png
1
PNG FILE CREATED
Removing GIF file
changing file from GIF to png  ./personal_image_ham/1119.gif
1119.png
1
PNG FILE CREATED
Removing GIF file
changing file from GIF to png  ./personal_image_ham/1120.gif
1120.png
1
PNG FILE CREATED
Removing GIF file
changing file from GIF to png  ./personal_image_ham/1121.gif
1121.png
1
PNG FILE CREATED
Removing GIF file
changing file from GIF to png  ./personal_image_ham/1122.gif
gif2png: not a GIF file
1122.png
0
COULD NOT CREATE PNG
changing file from GIF to png  ./personal_image_ham/1123.gif
1123.png
1
PNG FILE CREATED
Removing GIF file
changing file from GIF to png  ./personal_image_ham/1124.gif
1124.png
1
PNG FILE CREATED
Removing GIF file
changing file from GIF to png  ./personal_image_ham/1125.gif
1125.png
1
PNG FILE CREATED
Removing GIF file
changing file from GIF to png  ./personal_image_ham/1126.gif
1126.png
1
PNG FILE CREATED
Removing GIF file
changing file from GIF to png  ./personal_image_ham/1127.gif
1127.png
1
PNG FILE CREATED
Removing GIF file
changing file from GIF to png  ./personal_image_ham/1128.gif
1128.png
1
PNG FILE CREATED
Removing GIF file
changing file from GIF to png  ./personal_image_ham/1129.gif
1129.png
1
PNG FILE CREATED
Removing GIF file
changing file from GIF to png  ./personal_image_ham/1130.gif
1130.png
1
PNG FILE CREATED
Removing GIF file
changing file from GIF to png  ./personal_image_ham/1131.gif
1131.png
1
PNG FILE CREATED
Removing GIF file
changing file from GIF to png  ./personal_image_ham/1132.gif
1132.png
1
PNG FILE CREATED
Removing GIF file
changing file from GIF to png  ./personal_image_ham/1133.gif
1133.png
1
PNG FILE CREATED
Removing GIF file
changing file from GIF to png  ./personal_image_ham/1134.gif
1134.png
1
PNG FILE CREATED
Removing GIF file
changing file from GIF to png  ./personal_image_ham/1135.gif
1135.png
1
PNG FILE CREATED
Removing GIF file
changing file from GIF to png  ./personal_image_ham/1136.gif
1136.png
1
PNG FILE CREATED
Removing GIF file
changing file from GIF to png  ./personal_image_ham/1137.gif
1137.png
1
PNG FILE CREATED
Removing GIF file
changing file from GIF to png  ./personal_image_ham/1138.gif
1138.png
1
PNG FILE CREATED
Removing GIF file
changing file from GIF to png  ./personal_image_ham/1139.emlx_adultcsuitani.gif
1139.emlx_adultcsuitani.png
1
PNG FILE CREATED
Removing GIF file
changing file from GIF to png  ./personal_image_ham/1139.gif
1139.png
1
PNG FILE CREATED
Removing GIF file
changing file from GIF to png  ./personal_image_ham/1140.gif
1140.png
1
PNG FILE CREATED
Removing GIF file
changing file from GIF to png  ./personal_image_ham/1141.gif
1141.png
1
PNG FILE CREATED
Removing GIF file
changing file from GIF to png  ./personal_image_ham/1142.gif
1142.png
1
PNG FILE CREATED
Removing GIF file
changing file from GIF to png  ./personal_image_ham/1143.gif
1143.png
1
PNG FILE CREATED
Removing GIF file
changing file from GIF to png  ./personal_image_ham/1144.gif
1144.png
1
PNG FILE CREATED
Removing GIF file
changing file from GIF to png  ./personal_image_ham/1145.gif
libpng error: Invalid palette length
libpng error: Invalid palette length
1145.png
1
PNG FILE CREATED
Removing GIF file
changing file from GIF to png  ./personal_image_ham/1146.gif
1146.png
1
PNG FILE CREATED
Removing GIF file
changing file from GIF to png  ./personal_image_ham/1147.gif
1147.png
1
PNG FILE CREATED
Removing GIF file
changing file from GIF to png  ./personal_image_ham/1148.gif
1148.png
1
PNG FILE CREATED
Removing GIF file
changing file from GIF to png  ./personal_image_ham/1149.gif
1149.png
1
PNG FILE CREATED
Removing GIF file
changing file from GIF to png  ./personal_image_ham/1150.gif
1150.png
1
PNG FILE CREATED
Removing GIF file
changing file from GIF to png  ./personal_image_ham/1151.gif
1151.png
1
PNG FILE CREATED
Removing GIF file
changing file from GIF to png  ./personal_image_ham/1152.gif
1152.png
1
PNG FILE CREATED
Removing GIF file
changing file from GIF to png  ./personal_image_ham/1153.gif
1153.png
1
PNG FILE CREATED
Removing GIF file
changing file from GIF to png  ./personal_image_ham/1154.gif
1154.png
1
PNG FILE CREATED
Removing GIF file
changing file from GIF to png  ./personal_image_ham/1155.gif
1155.png
1
PNG FILE CREATED
Removing GIF file
changing file from GIF to png  ./personal_image_ham/1156.gif
1156.png
1
PNG FILE CREATED
Removing GIF file
changing file from GIF to png  ./personal_image_ham/1157.gif
1157.png
1
PNG FILE CREATED
Removing GIF file
changing file from GIF to png  ./personal_image_ham/1158.gif
1158.png
1
PNG FILE CREATED
Removing GIF file
changing file from GIF to png  ./personal_image_ham/1159.gif
1159.png
1
PNG FILE CREATED
Removing GIF file
changing file from GIF to png  ./personal_image_ham/1160.gif
1160.png
1
PNG FILE CREATED
Removing GIF file
changing file from GIF to png  ./personal_image_ham/1161.gif
1161.png
1
PNG FILE CREATED
Removing GIF file
changing file from GIF to png  ./personal_image_ham/1162.gif
1162.png
1
PNG FILE CREATED
Removing GIF file
changing file from GIF to png  ./personal_image_ham/1163.gif
1163.png
1
PNG FILE CREATED
Removing GIF file
changing file from GIF to png  ./personal_image_ham/1164.gif
1164.png
1
PNG FILE CREATED
Removing GIF file
changing file from GIF to png  ./personal_image_ham/1165.gif
1165.png
1
PNG FILE CREATED
Removing GIF file
changing file from GIF to png  ./personal_image_ham/1166.gif
1166.png
1
PNG FILE CREATED
Removing GIF file
changing file from GIF to png  ./personal_image_ham/1167.gif
1167.png
1
PNG FILE CREATED
Removing GIF file
changing file from GIF to png  ./personal_image_ham/1168.gif
1168.png
1
PNG FILE CREATED
Removing GIF file
changing file from GIF to png  ./personal_image_ham/1169.gif
1169.png
1
PNG FILE CREATED
Removing GIF file
changing file from GIF to png  ./personal_image_ham/1170.gif
1170.png
1
PNG FILE CREATED
Removing GIF file
changing file from GIF to png  ./personal_image_ham/1171.gif
1171.png
1
PNG FILE CREATED
Removing GIF file
changing file from GIF to png  ./personal_image_ham/1172.gif
1172.png
1
PNG FILE CREATED
Removing GIF file
changing file from GIF to png  ./personal_image_ham/1173.gif
1173.png
1
PNG FILE CREATED
Removing GIF file
changing file from GIF to png  ./personal_image_ham/1174.gif
1174.png
1
PNG FILE CREATED
Removing GIF file
changing file from GIF to png  ./personal_image_ham/1175.gif
1175.png
1
PNG FILE CREATED
Removing GIF file
changing file from GIF to png  ./personal_image_ham/1176.gif
1176.png
1
PNG FILE CREATED
Removing GIF file
changing file from GIF to png  ./personal_image_ham/1177.gif
1177.png
1
PNG FILE CREATED
Removing GIF file
changing file from GIF to png  ./personal_image_ham/1178.gif
1178.png
1
PNG FILE CREATED
Removing GIF file
changing file from GIF to png  ./personal_image_ham/1179.gif
1179.png
1
PNG FILE CREATED
Removing GIF file
changing file from GIF to png  ./personal_image_ham/1180.gif
1180.png
1
PNG FILE CREATED
Removing GIF file
changing file from GIF to png  ./personal_image_ham/1181.gif
1181.png
1
PNG FILE CREATED
Removing GIF file
changing file from GIF to png  ./personal_image_ham/1182.gif
1182.png
1
PNG FILE CREATED
Removing GIF file
changing file from GIF to png  ./personal_image_ham/1183.gif
1183.png
1
PNG FILE CREATED
Removing GIF file
changing file from GIF to png  ./personal_image_ham/1184.gif
1184.png
1
PNG FILE CREATED
Removing GIF file
changing file from GIF to png  ./personal_image_ham/1185.gif
1185.png
1
PNG FILE CREATED
Removing GIF file
changing file from GIF to png  ./personal_image_ham/1186.gif
1186.png
1
PNG FILE CREATED
Removing GIF file
changing file from GIF to png  ./personal_image_ham/1187.gif
1187.png
1
PNG FILE CREATED
Removing GIF file
changing file from GIF to png  ./personal_image_ham/1188.gif
1188.png
1
PNG FILE CREATED
Removing GIF file
changing file from GIF to png  ./personal_image_ham/1189.gif
1189.png
1
PNG FILE CREATED
Removing GIF file
changing file from GIF to png  ./personal_image_ham/1190.gif
1190.png
1
PNG FILE CREATED
Removing GIF file
changing file from GIF to png  ./personal_image_ham/1191.gif
1191.png
1
PNG FILE CREATED
Removing GIF file
changing file from GIF to png  ./personal_image_ham/1192.gif
1192.png
1
PNG FILE CREATED
Removing GIF file
changing file from GIF to png  ./personal_image_ham/1193.gif
1193.png
1
PNG FILE CREATED
Removing GIF file
changing file from GIF to png  ./personal_image_ham/1194.gif
1194.png
1
PNG FILE CREATED
Removing GIF file
changing file from GIF to png  ./personal_image_ham/1195.gif
1195.png
1
PNG FILE CREATED
Removing GIF file
changing file from GIF to png  ./personal_image_ham/1196.gif
1196.png
1
PNG FILE CREATED
Removing GIF file
changing file from GIF to png  ./personal_image_ham/1197.gif
1197.png
1
PNG FILE CREATED
Removing GIF file
changing file from GIF to png  ./personal_image_ham/1198.gif
1198.png
1
PNG FILE CREATED
Removing GIF file
changing file from GIF to png  ./personal_image_ham/1199.gif
1199.png
1
PNG FILE CREATED
Removing GIF file
changing file from GIF to png  ./personal_image_ham/1200.gif
1200.png
1
PNG FILE CREATED
Removing GIF file
changing file from GIF to png  ./personal_image_ham/1201.gif
1201.png
1
PNG FILE CREATED
Removing GIF file
changing file from GIF to png  ./personal_image_ham/1202.gif
1202.png
1
PNG FILE CREATED
Removing GIF file
changing file from GIF to png  ./personal_image_ham/1203.gif
1203.png
1
PNG FILE CREATED
Removing GIF file
changing file from GIF to png  ./personal_image_ham/1204.gif
1204.png
1
PNG FILE CREATED
Removing GIF file
changing file from GIF to png  ./personal_image_ham/1205.gif
1205.png
1
PNG FILE CREATED
Removing GIF file
changing file from GIF to png  ./personal_image_ham/1206.gif
1206.png
1
PNG FILE CREATED
Removing GIF file
changing file from GIF to png  ./personal_image_ham/1207.gif
1207.png
1
PNG FILE CREATED
Removing GIF file
changing file from GIF to png  ./personal_image_ham/1208.gif
1208.png
1
PNG FILE CREATED
Removing GIF file
changing file from GIF to png  ./personal_image_ham/1209.gif
1209.png
1
PNG FILE CREATED
Removing GIF file
changing file from GIF to png  ./personal_image_ham/1210.gif
1210.png
1
PNG FILE CREATED
Removing GIF file
changing file from GIF to png  ./personal_image_ham/1211.gif
1211.png
1
PNG FILE CREATED
Removing GIF file
changing file from GIF to png  ./personal_image_ham/1212.gif
1212.png
1
PNG FILE CREATED
Removing GIF file
changing file from GIF to png  ./personal_image_ham/1213.gif
1213.png
1
PNG FILE CREATED
Removing GIF file
changing file from GIF to png  ./personal_image_ham/1214.gif
1214.png
1
PNG FILE CREATED
Removing GIF file
changing file from GIF to png  ./personal_image_ham/1215.gif
1215.png
1
PNG FILE CREATED
Removing GIF file
changing file from GIF to png  ./personal_image_ham/1216.gif
1216.png
1
PNG FILE CREATED
Removing GIF file
changing file from GIF to png  ./personal_image_ham/1217.gif
1217.png
1
PNG FILE CREATED
Removing GIF file
changing file from GIF to png  ./personal_image_ham/1218.gif
1218.png
1
PNG FILE CREATED
Removing GIF file
changing file from GIF to png  ./personal_image_ham/1219.gif
1219.png
1
PNG FILE CREATED
Removing GIF file
changing file from GIF to png  ./personal_image_ham/1220.gif
1220.png
1
PNG FILE CREATED
Removing GIF file
changing file from GIF to png  ./personal_image_ham/1221.gif
1221.png
1
PNG FILE CREATED
Removing GIF file
changing file from GIF to png  ./personal_image_ham/1222.gif
1222.png
1
PNG FILE CREATED
Removing GIF file
changing file from GIF to png  ./personal_image_ham/1223.gif
1223.png
1
PNG FILE CREATED
Removing GIF file
changing file from GIF to png  ./personal_image_ham/1224.gif
1224.png
1
PNG FILE CREATED
Removing GIF file
changing file from GIF to png  ./personal_image_ham/1225.gif
1225.png
1
PNG FILE CREATED
Removing GIF file
changing file from GIF to png  ./personal_image_ham/1226.gif
1226.png
1
PNG FILE CREATED
Removing GIF file
changing file from GIF to png  ./personal_image_ham/1227.gif
1227.png
1
PNG FILE CREATED
Removing GIF file
changing file from GIF to png  ./personal_image_ham/1228.gif
1228.png
1
PNG FILE CREATED
Removing GIF file
changing file from GIF to png  ./personal_image_ham/1229.gif
1229.png
1
PNG FILE CREATED
Removing GIF file
changing file from GIF to png  ./personal_image_ham/1230.gif
1230.png
1
PNG FILE CREATED
Removing GIF file
changing file from GIF to png  ./personal_image_ham/1231.gif
1231.png
1
PNG FILE CREATED
Removing GIF file
changing file from GIF to png  ./personal_image_ham/1232.gif
1232.png
1
PNG FILE CREATED
Removing GIF file
changing file from GIF to png  ./personal_image_ham/1233.gif
1233.png
1
PNG FILE CREATED
Removing GIF file
changing file from GIF to png  ./personal_image_ham/1234.gif
gif2png: not a GIF file
1234.png
0
COULD NOT CREATE PNG
changing file from GIF to png  ./personal_image_ham/1235.gif
1235.png
1
PNG FILE CREATED
Removing GIF file
changing file from GIF to png  ./personal_image_ham/1236.gif
1236.png
1
PNG FILE CREATED
Removing GIF file
changing file from GIF to png  ./personal_image_ham/1237.gif
1237.png
1
PNG FILE CREATED
Removing GIF file
changing file from GIF to png  ./personal_image_ham/1238.gif
1238.png
1
PNG FILE CREATED
Removing GIF file
changing file from GIF to png  ./personal_image_ham/1239.gif
1239.png
1
PNG FILE CREATED
Removing GIF file
changing file from GIF to png  ./personal_image_ham/1240.gif
1240.png
1
PNG FILE CREATED
Removing GIF file
changing file from GIF to png  ./personal_image_ham/1241.gif
1241.png
1
PNG FILE CREATED
Removing GIF file
changing file from GIF to png  ./personal_image_ham/1242.gif
1242.png
1
PNG FILE CREATED
Removing GIF file
changing file from GIF to png  ./personal_image_ham/1243.gif
1243.png
1
PNG FILE CREATED
Removing GIF file
changing file from GIF to png  ./personal_image_ham/1244.gif
1244.png
1
PNG FILE CREATED
Removing GIF file
changing file from GIF to png  ./personal_image_ham/1245.gif
1245.png
1
PNG FILE CREATED
Removing GIF file
changing file from GIF to png  ./personal_image_ham/1246.gif
1246.png
1
PNG FILE CREATED
Removing GIF file
changing file from GIF to png  ./personal_image_ham/1247.gif
1247.png
1
PNG FILE CREATED
Removing GIF file
changing file from GIF to png  ./personal_image_ham/1248.gif
1248.png
1
PNG FILE CREATED
Removing GIF file
changing file from GIF to png  ./personal_image_ham/1249.gif
1249.png
1
PNG FILE CREATED
Removing GIF file
changing file from GIF to png  ./personal_image_ham/1250.gif
1250.png
1
PNG FILE CREATED
Removing GIF file
changing file from GIF to png  ./personal_image_ham/1251.gif
1251.png
1
PNG FILE CREATED
Removing GIF file
changing file from GIF to png  ./personal_image_ham/1252.gif
1252.png
1
PNG FILE CREATED
Removing GIF file
changing file from GIF to png  ./personal_image_ham/1253.gif
1253.png
1
PNG FILE CREATED
Removing GIF file
changing file from GIF to png  ./personal_image_ham/1254.gif
1254.png
1
PNG FILE CREATED
Removing GIF file
changing file from GIF to png  ./personal_image_ham/1255.gif
1255.png
1
PNG FILE CREATED
Removing GIF file
changing file from GIF to png  ./personal_image_ham/1256.gif
1256.png
1
PNG FILE CREATED
Removing GIF file
changing file from GIF to png  ./personal_image_ham/1257.gif
1257.png
1
PNG FILE CREATED
Removing GIF file
changing file from GIF to png  ./personal_image_ham/1258.gif
1258.png
1
PNG FILE CREATED
Removing GIF file
changing file from GIF to png  ./personal_image_ham/1259.gif
1259.png
1
PNG FILE CREATED
Removing GIF file
changing file from GIF to png  ./personal_image_ham/1260.gif
1260.png
1
PNG FILE CREATED
Removing GIF file
changing file from GIF to png  ./personal_image_ham/1261.gif
1261.png
1
PNG FILE CREATED
Removing GIF file
changing file from GIF to png  ./personal_image_ham/1262.gif
1262.png
1
PNG FILE CREATED
Removing GIF file
changing file from GIF to png  ./personal_image_ham/1263.gif
1263.png
1
PNG FILE CREATED
Removing GIF file
changing file from GIF to png  ./personal_image_ham/1264.gif
1264.png
1
PNG FILE CREATED
Removing GIF file
changing file from GIF to png  ./personal_image_ham/1265.gif
1265.png
1
PNG FILE CREATED
Removing GIF file
changing file from GIF to png  ./personal_image_ham/1266.gif
1266.png
1
PNG FILE CREATED
Removing GIF file
changing file from GIF to png  ./personal_image_ham/1267.gif
1267.png
1
PNG FILE CREATED
Removing GIF file
changing file from GIF to png  ./personal_image_ham/1268.gif
1268.png
1
PNG FILE CREATED
Removing GIF file
changing file from GIF to png  ./personal_image_ham/1269.gif
1269.png
1
PNG FILE CREATED
Removing GIF file
changing file from GIF to png  ./personal_image_ham/1270.gif
1270.png
1
PNG FILE CREATED
Removing GIF file
changing file from GIF to png  ./personal_image_ham/1271.gif
1271.png
1
PNG FILE CREATED
Removing GIF file
changing file from GIF to png  ./personal_image_ham/1272.gif
1272.png
1
PNG FILE CREATED
Removing GIF file
changing file from GIF to png  ./personal_image_ham/1273.gif
1273.png
1
PNG FILE CREATED
Removing GIF file
changing file from GIF to png  ./personal_image_ham/1274.gif
1274.png
1
PNG FILE CREATED
Removing GIF file
changing file from GIF to png  ./personal_image_ham/1275.gif
1275.png
1
PNG FILE CREATED
Removing GIF file
changing file from GIF to png  ./personal_image_ham/1276.gif
1276.png
1
PNG FILE CREATED
Removing GIF file
changing file from GIF to png  ./personal_image_ham/1277.gif
1277.png
1
PNG FILE CREATED
Removing GIF file
changing file from GIF to png  ./personal_image_ham/1278.gif
1278.png
1
PNG FILE CREATED
Removing GIF file
changing file from GIF to png  ./personal_image_ham/1279.gif
1279.png
1
PNG FILE CREATED
Removing GIF file
changing file from GIF to png  ./personal_image_ham/1280.gif
1280.png
1
PNG FILE CREATED
Removing GIF file
changing file from GIF to png  ./personal_image_ham/1821.emlx_bgbluebottom.gif
1821.emlx_bgbluebottom.png
1
PNG FILE CREATED
Removing GIF file
changing file from GIF to png  ./personal_image_ham/1821.emlx_bgblueleft.gif
1821.emlx_bgblueleft.png
1
PNG FILE CREATED
Removing GIF file
changing file from GIF to png  ./personal_image_ham/1821.emlx_bgblueright.gif
1821.emlx_bgblueright.png
1
PNG FILE CREATED
Removing GIF file
changing file from GIF to png  ./personal_image_ham/1821.emlx_bglbluebottom.gif
1821.emlx_bglbluebottom.png
1
PNG FILE CREATED
Removing GIF file
changing file from GIF to png  ./personal_image_ham/1821.emlx_bglblueleft.gif
1821.emlx_bglblueleft.png
1
PNG FILE CREATED
Removing GIF file
changing file from GIF to png  ./personal_image_ham/1821.emlx_bglblueright.gif
1821.emlx_bglblueright.png
1
PNG FILE CREATED
Removing GIF file
changing file from GIF to png  ./personal_image_ham/1821.emlx_bglbluetop.gif
1821.emlx_bglbluetop.png
1
PNG FILE CREATED
Removing GIF file
changing file from GIF to png  ./personal_image_ham/1821.emlx_crbluese.gif
1821.emlx_crbluese.png
1
PNG FILE CREATED
Removing GIF file
changing file from GIF to png  ./personal_image_ham/1821.emlx_crbluesw.gif
1821.emlx_crbluesw.png
1
PNG FILE CREATED
Removing GIF file
changing file from GIF to png  ./personal_image_ham/1821.emlx_crmlbluene.gif
1821.emlx_crmlbluene.png
1
PNG FILE CREATED
Removing GIF file
changing file from GIF to png  ./personal_image_ham/1821.emlx_crmlbluenw.gif
1821.emlx_crmlbluenw.png
1
PNG FILE CREATED
Removing GIF file
changing file from GIF to png  ./personal_image_ham/1821.emlx_crmlbluese.gif
1821.emlx_crmlbluese.png
1
PNG FILE CREATED
Removing GIF file
changing file from GIF to png  ./personal_image_ham/1821.emlx_crmlbluesw.gif
1821.emlx_crmlbluesw.png
1
PNG FILE CREATED
Removing GIF file
changing file from GIF to png  ./personal_image_ham/1823.emlx_bgbluebottom.gif
1823.emlx_bgbluebottom.png
1
PNG FILE CREATED
Removing GIF file
changing file from GIF to png  ./personal_image_ham/1823.emlx_bgblueleft.gif
1823.emlx_bgblueleft.png
1
PNG FILE CREATED
Removing GIF file
changing file from GIF to png  ./personal_image_ham/1823.emlx_bgblueright.gif
1823.emlx_bgblueright.png
1
PNG FILE CREATED
Removing GIF file
changing file from GIF to png  ./personal_image_ham/1823.emlx_bglbluebottom.gif
1823.emlx_bglbluebottom.png
1
PNG FILE CREATED
Removing GIF file
changing file from GIF to png  ./personal_image_ham/1823.emlx_bglblueleft.gif
1823.emlx_bglblueleft.png
1
PNG FILE CREATED
Removing GIF file
changing file from GIF to png  ./personal_image_ham/1823.emlx_bglblueright.gif
1823.emlx_bglblueright.png
1
PNG FILE CREATED
Removing GIF file
changing file from GIF to png  ./personal_image_ham/1823.emlx_bglbluetop.gif
1823.emlx_bglbluetop.png
1
PNG FILE CREATED
Removing GIF file
changing file from GIF to png  ./personal_image_ham/1823.emlx_crbluese.gif
1823.emlx_crbluese.png
1
PNG FILE CREATED
Removing GIF file
changing file from GIF to png  ./personal_image_ham/1823.emlx_crbluesw.gif
1823.emlx_crbluesw.png
1
PNG FILE CREATED
Removing GIF file
changing file from GIF to png  ./personal_image_ham/1823.emlx_crmlbluene.gif
1823.emlx_crmlbluene.png
1
PNG FILE CREATED
Removing GIF file
changing file from GIF to png  ./personal_image_ham/1823.emlx_crmlbluenw.gif
1823.emlx_crmlbluenw.png
1
PNG FILE CREATED
Removing GIF file
changing file from GIF to png  ./personal_image_ham/1823.emlx_crmlbluese.gif
1823.emlx_crmlbluese.png
1
PNG FILE CREATED
Removing GIF file
changing file from GIF to png  ./personal_image_ham/1823.emlx_crmlbluesw.gif
1823.emlx_crmlbluesw.png
1
PNG FILE CREATED
Removing GIF file
changing file from GIF to png  ./personal_image_ham/1844.emlx_0piecekit.gif
1844.emlx_0piecekit.png
1
PNG FILE CREATED
Removing GIF file
changing file from GIF to png  ./personal_image_ham/1911.emlx_bgbluebottom.gif
1911.emlx_bgbluebottom.png
1
PNG FILE CREATED
Removing GIF file
changing file from GIF to png  ./personal_image_ham/1911.emlx_bgblueleft.gif
1911.emlx_bgblueleft.png
1
PNG FILE CREATED
Removing GIF file
changing file from GIF to png  ./personal_image_ham/1911.emlx_bgblueright.gif
1911.emlx_bgblueright.png
1
PNG FILE CREATED
Removing GIF file
changing file from GIF to png  ./personal_image_ham/1911.emlx_bglbluebottom.gif
1911.emlx_bglbluebottom.png
1
PNG FILE CREATED
Removing GIF file
changing file from GIF to png  ./personal_image_ham/1911.emlx_bglblueleft.gif
1911.emlx_bglblueleft.png
1
PNG FILE CREATED
Removing GIF file
changing file from GIF to png  ./personal_image_ham/1911.emlx_bglblueright.gif
1911.emlx_bglblueright.png
1
PNG FILE CREATED
Removing GIF file
changing file from GIF to png  ./personal_image_ham/1911.emlx_bglbluetop.gif
1911.emlx_bglbluetop.png
1
PNG FILE CREATED
Removing GIF file
changing file from GIF to png  ./personal_image_ham/1911.emlx_crbluese.gif
1911.emlx_crbluese.png
1
PNG FILE CREATED
Removing GIF file
changing file from GIF to png  ./personal_image_ham/1911.emlx_crbluesw.gif
1911.emlx_crbluesw.png
1
PNG FILE CREATED
Removing GIF file
changing file from GIF to png  ./personal_image_ham/1911.emlx_crmlbluene.gif
1911.emlx_crmlbluene.png
1
PNG FILE CREATED
Removing GIF file
changing file from GIF to png  ./personal_image_ham/1911.emlx_crmlbluenw.gif
1911.emlx_crmlbluenw.png
1
PNG FILE CREATED
Removing GIF file
changing file from GIF to png  ./personal_image_ham/1911.emlx_crmlbluese.gif
1911.emlx_crmlbluese.png
1
PNG FILE CREATED
Removing GIF file
changing file from GIF to png  ./personal_image_ham/1911.emlx_crmlbluesw.gif
1911.emlx_crmlbluesw.png
1
PNG FILE CREATED
Removing GIF file
changing file from GIF to png  ./personal_image_ham/200511101853.jAAIrBOD004539@stewie.corp.google.com_image001.gif
200511101853.jAAIrBOD004539@stewie.corp.google.com_image001.png
1
PNG FILE CREATED
Removing GIF file
changing file from GIF to png  ./personal_image_ham/20060122053921.91CAD35C47@casbah.it.northwestern.edu_image001.gif
20060122053921.91CAD35C47@casbah.it.northwestern.edu_image001.png
1
PNG FILE CREATED
Removing GIF file
changing file from GIF to png  ./personal_image_ham/200603080356.k283udls025657@empathy.seas.upenn.edu_image001.gif
200603080356.k283udls025657@empathy.seas.upenn.edu_image001.png
1
PNG FILE CREATED
Removing GIF file
changing file from GIF to png  ./personal_image_ham/200603080408.k2848Oj5011505@psychopathy.seas.upenn.edu_image001.gif
200603080408.k2848Oj5011505@psychopathy.seas.upenn.edu_image001.png
1
PNG FILE CREATED
Removing GIF file
changing file from GIF to png  ./personal_image_ham/2049.emlx_pp.gif
2049.emlx_pp.png
1
PNG FILE CREATED
Removing GIF file
changing file from GIF to png  ./personal_image_ham/2158.emlx_clipimage003.gif
2158.emlx_clipimage003.png
1
PNG FILE CREATED
Removing GIF file
changing file from GIF to png  ./personal_image_ham/2214.emlx_14a2069b.gif
2214.emlx_14a2069b.png
1
PNG FILE CREATED
Removing GIF file
changing file from GIF to png  ./personal_image_ham/2221.emlx_1b2d16c5.gif
2221.emlx_1b2d16c5.png
1
PNG FILE CREATED
Removing GIF file
changing file from GIF to png  ./personal_image_ham/2283.emlx_1f503867.gif
2283.emlx_1f503867.png
1
PNG FILE CREATED
Removing GIF file
changing file from GIF to png  ./personal_image_ham/2283.emlx_1f503886.gif
2283.emlx_1f503886.png
1
PNG FILE CREATED
Removing GIF file
changing file from GIF to png  ./personal_image_ham/2283.emlx_1f503896.gif
2283.emlx_1f503896.png
1
PNG FILE CREATED
Removing GIF file
changing file from GIF to png  ./personal_image_ham/2283.emlx_1f5038a6.gif
2283.emlx_1f5038a6.png
1
PNG FILE CREATED
Removing GIF file
changing file from GIF to png  ./personal_image_ham/2283.emlx_1f5038b5.gif
2283.emlx_1f5038b5.png
1
PNG FILE CREATED
Removing GIF file
changing file from GIF to png  ./personal_image_ham/23.emlx_image003.gif
23.emlx_image003.png
1
PNG FILE CREATED
Removing GIF file
changing file from GIF to png  ./personal_image_ham/23.emlx_image004.gif
23.emlx_image004.png
1
PNG FILE CREATED
Removing GIF file
changing file from GIF to png  ./personal_image_ham/23.emlx_image005.gif
23.emlx_image005.png
1
PNG FILE CREATED
Removing GIF file
changing file from GIF to png  ./personal_image_ham/259.emlx_image001.gif
259.emlx_image001.png
1
PNG FILE CREATED
Removing GIF file
changing file from GIF to png  ./personal_image_ham/3025.emlx_image001.gif
3025.emlx_image001.png
1
PNG FILE CREATED
Removing GIF file
changing file from GIF to png  ./personal_image_ham/3040.emlx_image001.gif
3040.emlx_image001.png
1
PNG FILE CREATED
Removing GIF file
changing file from GIF to png  ./personal_image_ham/3323.emlx_image001.gif
3323.emlx_image001.png
1
PNG FILE CREATED
Removing GIF file
changing file from GIF to png  ./personal_image_ham/3647.emlx_image001.gif
3647.emlx_image001.png
1
PNG FILE CREATED
Removing GIF file
changing file from GIF to png  ./personal_image_ham/443.emlx_image003.gif
443.emlx_image003.png
1
PNG FILE CREATED
Removing GIF file
changing file from GIF to png  ./personal_image_ham/443.emlx_image004.gif
443.emlx_image004.png
1
PNG FILE CREATED
Removing GIF file
changing file from GIF to png  ./personal_image_ham/443.emlx_image005.gif
443.emlx_image005.png
1
PNG FILE CREATED
Removing GIF file
changing file from GIF to png  ./personal_image_ham/443.emlx_image007.gif
443.emlx_image007.png
1
PNG FILE CREATED
Removing GIF file
changing file from GIF to png  ./personal_image_ham/443.emlx_image009.gif
443.emlx_image009.png
1
PNG FILE CREATED
Removing GIF file
changing file from GIF to png  ./personal_image_ham/443.emlx_image011.gif
443.emlx_image011.png
1
PNG FILE CREATED
Removing GIF file
changing file from GIF to png  ./personal_image_ham/443.emlx_image013.gif
443.emlx_image013.png
1
PNG FILE CREATED
Removing GIF file
changing file from GIF to png  ./personal_image_ham/4487132A.4020802@seas.upenn.edu_ma_grp_160.gif
4487132A.4020802@seas.upenn.edu_ma_grp_160.png
1
PNG FILE CREATED
Removing GIF file
changing file from GIF to png  ./personal_image_ham/44888FA6.6050700@seas.upenn.edu_eric.gif
44888FA6.6050700@seas.upenn.edu_eric.png
1
PNG FILE CREATED
Removing GIF file
changing file from GIF to png  ./personal_image_ham/44888FA6.6050700@seas.upenn.edu_logo.gif
44888FA6.6050700@seas.upenn.edu_logo.png
1
PNG FILE CREATED
Removing GIF file
changing file from GIF to png  ./personal_image_ham/449BEB6C.7020407@seas.upenn.edu_ma_grp_160.gif
449BEB6C.7020407@seas.upenn.edu_ma_grp_160.png
1
PNG FILE CREATED
Removing GIF file
changing file from GIF to png  ./personal_image_ham/44ABE503.5060905@seas.upenn.edu_ma_grp_160.gif
44ABE503.5060905@seas.upenn.edu_ma_grp_160.png
1
PNG FILE CREATED
Removing GIF file
changing file from GIF to png  ./personal_image_ham/44AD9184.5070602@seas.upenn.edu_1.gif
44AD9184.5070602@seas.upenn.edu_1.png
1
PNG FILE CREATED
Removing GIF file
changing file from GIF to png  ./personal_image_ham/4541.emlx_cyaet.gif
4541.emlx_cyaet.png
1
PNG FILE CREATED
Removing GIF file
changing file from GIF to png  ./personal_image_ham/55ac1u$86grb8@smtp01.lnh.mail.rcn.net_image001.gif
libpng error: Invalid palette length
55ac1u$86grb8@smtp01.lnh.mail.rcn.net_image001.png
1
PNG FILE CREATED
Removing GIF file
changing file from GIF to png  ./personal_image_ham/6464.emlx_20050613.gif
6464.emlx_20050613.png
1
PNG FILE CREATED
Removing GIF file
changing file from GIF to png  ./personal_image_ham/72.emlx_image002.gif
72.emlx_image002.png
1
PNG FILE CREATED
Removing GIF file
changing file from GIF to png  ./personal_image_ham/72.emlx_image003.gif
72.emlx_image003.png
1
PNG FILE CREATED
Removing GIF file
changing file from GIF to png  ./personal_image_ham/72.emlx_image004.gif
72.emlx_image004.png
1
PNG FILE CREATED
Removing GIF file
changing file from GIF to png  ./personal_image_ham/72.emlx_image005.gif
72.emlx_image005.png
1
PNG FILE CREATED
Removing GIF file
changing file from GIF to png  ./personal_image_ham/72.emlx_image009.gif
72.emlx_image009.png
1
PNG FILE CREATED
Removing GIF file
changing file from GIF to png  ./personal_image_ham/72.emlx_image011.gif
72.emlx_image011.png
1
PNG FILE CREATED
Removing GIF file
changing file from GIF to png  ./personal_image_ham/7ffbced45c300281fca02d844798862b@gmail.com_cartoon_-_mike_keefe_-_un_in_darfur.gif
7ffbced45c300281fca02d844798862b@gmail.com_cartoon_-_mike_keefe_-_un_in_darfur.png
1
PNG FILE CREATED
Removing GIF file
changing file from GIF to png  ./personal_image_ham/8C338DAD92399E4188B567F5FB967A6301A2F060@SITE2MAIL01.jeeves.ask.info_logo-ask.gif
8C338DAD92399E4188B567F5FB967A6301A2F060@SITE2MAIL01.jeeves.ask.info_logo-ask.png
1
PNG FILE CREATED
Removing GIF file
changing file from GIF to png  ./personal_image_ham/8C338DAD92399E4188B567F5FB967A6301A2F17A@SITE2MAIL01.jeeves.ask.info_att400969.gif
8C338DAD92399E4188B567F5FB967A6301A2F17A@SITE2MAIL01.jeeves.ask.info_att400969.png
1
PNG FILE CREATED
Removing GIF file
changing file from GIF to png  ./personal_image_ham/8E3B20267B15CA4AA65F418626D4EAB020C4BA@LOGAN.wharton.upenn.edu_image003.gif
8E3B20267B15CA4AA65F418626D4EAB020C4BA@LOGAN.wharton.upenn.edu_image003.png
1
PNG FILE CREATED
Removing GIF file
changing file from GIF to png  ./personal_image_ham/8E3B20267B15CA4AA65F418626D4EAB0616A3E@LOGAN.wharton.upenn.edu_image002.gif
8E3B20267B15CA4AA65F418626D4EAB0616A3E@LOGAN.wharton.upenn.edu_image002.png
1
PNG FILE CREATED
Removing GIF file
changing file from GIF to png  ./personal_image_ham/8E3B20267B15CA4AA65F418626D4EAB0616A3E@LOGAN.wharton.upenn.edu_image003.gif
8E3B20267B15CA4AA65F418626D4EAB0616A3E@LOGAN.wharton.upenn.edu_image003.png
1
PNG FILE CREATED
Removing GIF file
changing file from GIF to png  ./personal_image_ham/8E3B20267B15CA4AA65F418626D4EAB0616A6A@LOGAN.wharton.upenn.edu_image002.gif
8E3B20267B15CA4AA65F418626D4EAB0616A6A@LOGAN.wharton.upenn.edu_image002.png
1
PNG FILE CREATED
Removing GIF file
changing file from GIF to png  ./personal_image_ham/8E3B20267B15CA4AA65F418626D4EAB0616A6A@LOGAN.wharton.upenn.edu_image007.gif
8E3B20267B15CA4AA65F418626D4EAB0616A6A@LOGAN.wharton.upenn.edu_image007.png
1
PNG FILE CREATED
Removing GIF file
changing file from GIF to png  ./personal_image_ham/8E3B20267B15CA4AA65F418626D4EAB0616A71@LOGAN.wharton.upenn.edu_image002.gif
8E3B20267B15CA4AA65F418626D4EAB0616A71@LOGAN.wharton.upenn.edu_image002.png
1
PNG FILE CREATED
Removing GIF file
changing file from GIF to png  ./personal_image_ham/8E3B20267B15CA4AA65F418626D4EAB0616A98@LOGAN.wharton.upenn.edu_image002.gif
8E3B20267B15CA4AA65F418626D4EAB0616A98@LOGAN.wharton.upenn.edu_image002.png
1
PNG FILE CREATED
Removing GIF file
changing file from GIF to png  ./personal_image_ham/8E3B20267B15CA4AA65F418626D4EAB0616AED@LOGAN.wharton.upenn.edu_image001.gif
8E3B20267B15CA4AA65F418626D4EAB0616AED@LOGAN.wharton.upenn.edu_image001.png
1
PNG FILE CREATED
Removing GIF file
changing file from GIF to png  ./personal_image_ham/8E3B20267B15CA4AA65F418626D4EAB0616B2B@LOGAN.wharton.upenn.edu_image009.gif
8E3B20267B15CA4AA65F418626D4EAB0616B2B@LOGAN.wharton.upenn.edu_image009.png
1
PNG FILE CREATED
Removing GIF file
changing file from GIF to png  ./personal_image_ham/8E3B20267B15CA4AA65F418626D4EAB0616B41@LOGAN.wharton.upenn.edu_image005.gif
8E3B20267B15CA4AA65F418626D4EAB0616B41@LOGAN.wharton.upenn.edu_image005.png
1
PNG FILE CREATED
Removing GIF file
changing file from GIF to png  ./personal_image_ham/961.emlx_Error_message_1.gif
961.emlx_Error_message_1.png
1
PNG FILE CREATED
Removing GIF file
changing file from GIF to png  ./personal_image_ham/961.emlx_Error_message_2.gif
961.emlx_Error_message_2.png
1
PNG FILE CREATED
Removing GIF file
changing file from GIF to png  ./personal_image_ham/9A1AF199F175DE4C930C80735C48A6BF27EB6E@RITTENHOUSE.wharton.upenn.edu_image002.gif
9A1AF199F175DE4C930C80735C48A6BF27EB6E@RITTENHOUSE.wharton.upenn.edu_image002.png
1
PNG FILE CREATED
Removing GIF file
changing file from GIF to png  ./personal_image_ham/9A1AF199F175DE4C930C80735C48A6BF27EB6E@RITTENHOUSE.wharton.upenn.edu_image003.gif
9A1AF199F175DE4C930C80735C48A6BF27EB6E@RITTENHOUSE.wharton.upenn.edu_image003.png
1
PNG FILE CREATED
Removing GIF file
changing file from GIF to png  ./personal_image_ham/9A1AF199F175DE4C930C80735C48A6BF27EB6E@RITTENHOUSE.wharton.upenn.edu_image004.gif
9A1AF199F175DE4C930C80735C48A6BF27EB6E@RITTENHOUSE.wharton.upenn.edu_image004.png
1
PNG FILE CREATED
Removing GIF file
changing file from GIF to png  ./personal_image_ham/a8c689140609181610q68dad0d7u3604253a94b3ce07@mail.gmail.com_heart_of_the_city_comic.gif
a8c689140609181610q68dad0d7u3604253a94b3ce07@mail.gmail.com_heart_of_the_city_comic.png
1
PNG FILE CREATED
Removing GIF file
changing file from GIF to png  ./personal_image_ham/BAY104-F159E0DA4B2E8C40E8169785FC0@phx.gbl_image001.gif
BAY104-F159E0DA4B2E8C40E8169785FC0@phx.gbl_image001.png
1
PNG FILE CREATED
Removing GIF file
changing file from GIF to png  ./personal_image_ham/BAY104-F159E0DA4B2E8C40E8169785FC0@phx.gbl_image002.gif
BAY104-F159E0DA4B2E8C40E8169785FC0@phx.gbl_image002.png
1
PNG FILE CREATED
Removing GIF file
changing file from GIF to png  ./personal_image_ham/BAY104-F159E0DA4B2E8C40E8169785FC0@phx.gbl_image003.gif
BAY104-F159E0DA4B2E8C40E8169785FC0@phx.gbl_image003.png
1
PNG FILE CREATED
Removing GIF file
changing file from GIF to png  ./personal_image_ham/BAY104-F159E0DA4B2E8C40E8169785FC0@phx.gbl_image004.gif
BAY104-F159E0DA4B2E8C40E8169785FC0@phx.gbl_image004.png
1
PNG FILE CREATED
Removing GIF file
changing file from GIF to png  ./personal_image_ham/BAY104-F159E0DA4B2E8C40E8169785FC0@phx.gbl_image005.gif
BAY104-F159E0DA4B2E8C40E8169785FC0@phx.gbl_image005.png
1
PNG FILE CREATED
Removing GIF file
changing file from GIF to png  ./personal_image_ham/BAY104-F159E0DA4B2E8C40E8169785FC0@phx.gbl_image006.gif
BAY104-F159E0DA4B2E8C40E8169785FC0@phx.gbl_image006.png
1
PNG FILE CREATED
Removing GIF file
changing file from GIF to png  ./personal_image_ham/BAY104-F17AA588FBC505EB949489585A20@phx.gbl_image001.gif
BAY104-F17AA588FBC505EB949489585A20@phx.gbl_image001.png
1
PNG FILE CREATED
Removing GIF file
changing file from GIF to png  ./personal_image_ham/BAY104-F17AA588FBC505EB949489585A20@phx.gbl_image002.gif
BAY104-F17AA588FBC505EB949489585A20@phx.gbl_image002.png
1
PNG FILE CREATED
Removing GIF file
changing file from GIF to png  ./personal_image_ham/BAY104-F17AA588FBC505EB949489585A20@phx.gbl_image003.gif
BAY104-F17AA588FBC505EB949489585A20@phx.gbl_image003.png
1
PNG FILE CREATED
Removing GIF file
changing file from GIF to png  ./personal_image_ham/BAY104-F17AA588FBC505EB949489585A20@phx.gbl_image005.gif
BAY104-F17AA588FBC505EB949489585A20@phx.gbl_image005.png
1
PNG FILE CREATED
Removing GIF file
changing file from GIF to png  ./personal_image_ham/BAY104-F17AA588FBC505EB949489585A20@phx.gbl_image006.gif
BAY104-F17AA588FBC505EB949489585A20@phx.gbl_image006.png
1
PNG FILE CREATED
Removing GIF file
changing file from GIF to png  ./personal_image_ham/BAY104-F29B6F03F6B492EA8BB061785DA0@phx.gbl_image001.gif
BAY104-F29B6F03F6B492EA8BB061785DA0@phx.gbl_image001.png
1
PNG FILE CREATED
Removing GIF file
changing file from GIF to png  ./personal_image_ham/BAY104-F29B6F03F6B492EA8BB061785DA0@phx.gbl_image008.gif
BAY104-F29B6F03F6B492EA8BB061785DA0@phx.gbl_image008.png
1
PNG FILE CREATED
Removing GIF file
changing file from GIF to png  ./personal_image_ham/BAY104-F29B6F03F6B492EA8BB061785DA0@phx.gbl_image009.gif
BAY104-F29B6F03F6B492EA8BB061785DA0@phx.gbl_image009.png
1
PNG FILE CREATED
Removing GIF file
changing file from GIF to png  ./personal_image_ham/BAY104-F29B6F03F6B492EA8BB061785DA0@phx.gbl_image010.gif
BAY104-F29B6F03F6B492EA8BB061785DA0@phx.gbl_image010.png
1
PNG FILE CREATED
Removing GIF file
changing file from GIF to png  ./personal_image_ham/BAY104-F29B6F03F6B492EA8BB061785DA0@phx.gbl_image011.gif
BAY104-F29B6F03F6B492EA8BB061785DA0@phx.gbl_image011.png
1
PNG FILE CREATED
Removing GIF file
changing file from GIF to png  ./personal_image_ham/BAY104-F29B6F03F6B492EA8BB061785DA0@phx.gbl_image012.gif
BAY104-F29B6F03F6B492EA8BB061785DA0@phx.gbl_image012.png
1
PNG FILE CREATED
Removing GIF file
changing file from GIF to png  ./personal_image_ham/BAY104-F4004BE305E9BBCD8887B9885F60@phx.gbl_image002.gif
BAY104-F4004BE305E9BBCD8887B9885F60@phx.gbl_image002.png
1
PNG FILE CREATED
Removing GIF file
changing file from GIF to png  ./personal_image_ham/BAY104-F4004BE305E9BBCD8887B9885F60@phx.gbl_image003.gif
BAY104-F4004BE305E9BBCD8887B9885F60@phx.gbl_image003.png
1
PNG FILE CREATED
Removing GIF file
changing file from GIF to png  ./personal_image_ham/BAY104-F4004BE305E9BBCD8887B9885F60@phx.gbl_image004.gif
BAY104-F4004BE305E9BBCD8887B9885F60@phx.gbl_image004.png
1
PNG FILE CREATED
Removing GIF file
changing file from GIF to png  ./personal_image_ham/BAY104-F4004BE305E9BBCD8887B9885F60@phx.gbl_image005.gif
BAY104-F4004BE305E9BBCD8887B9885F60@phx.gbl_image005.png
1
PNG FILE CREATED
Removing GIF file
changing file from GIF to png  ./personal_image_ham/BAY104-F4004BE305E9BBCD8887B9885F60@phx.gbl_image006.gif
BAY104-F4004BE305E9BBCD8887B9885F60@phx.gbl_image006.png
1
PNG FILE CREATED
Removing GIF file
changing file from GIF to png  ./personal_image_ham/CJEGILPIFADIAJOILOLMAEGNDKAA.rabbi@pobox.upenn.edu_image002.gif
CJEGILPIFADIAJOILOLMAEGNDKAA.rabbi@pobox.upenn.edu_image002.png
1
PNG FILE CREATED
Removing GIF file
changing file from GIF to png  ./personal_image_ham/CJEGILPIFADIAJOILOLMAEGNDKAA.rabbi@pobox.upenn.edu_image003.gif
CJEGILPIFADIAJOILOLMAEGNDKAA.rabbi@pobox.upenn.edu_image003.png
1
PNG FILE CREATED
Removing GIF file
changing file from GIF to png  ./personal_image_ham/CJEGILPIFADIAJOILOLMAEGNDKAA.rabbi@pobox.upenn.edu_image005.gif
CJEGILPIFADIAJOILOLMAEGNDKAA.rabbi@pobox.upenn.edu_image005.png
1
PNG FILE CREATED
Removing GIF file
changing file from GIF to png  ./personal_image_ham/CJEGILPIFADIAJOILOLMAEGNDKAA.rabbi@pobox.upenn.edu_image006.gif
CJEGILPIFADIAJOILOLMAEGNDKAA.rabbi@pobox.upenn.edu_image006.png
1
PNG FILE CREATED
Removing GIF file
changing file from GIF to png  ./personal_image_ham/CJEGILPIFADIAJOILOLMAEGNDKAA.rabbi@pobox.upenn.edu_image007.gif
CJEGILPIFADIAJOILOLMAEGNDKAA.rabbi@pobox.upenn.edu_image007.png
1
PNG FILE CREATED
Removing GIF file
changing file from GIF to png  ./personal_image_ham/CJEGILPIFADIAJOILOLMAEGNDKAA.rabbi@pobox.upenn.edu_image008.gif
CJEGILPIFADIAJOILOLMAEGNDKAA.rabbi@pobox.upenn.edu_image008.png
1
PNG FILE CREATED
Removing GIF file
changing file from GIF to png  ./personal_image_ham/CJEGILPIFADIAJOILOLMAEGNDKAA.rabbi@pobox.upenn.edu_image009.gif
CJEGILPIFADIAJOILOLMAEGNDKAA.rabbi@pobox.upenn.edu_image009.png
1
PNG FILE CREATED
Removing GIF file
changing file from GIF to png  ./personal_image_ham/CJEGILPIFADIAJOILOLMAEGNDKAA.rabbi@pobox.upenn.edu_image010.gif
CJEGILPIFADIAJOILOLMAEGNDKAA.rabbi@pobox.upenn.edu_image010.png
1
PNG FILE CREATED
Removing GIF file
changing file from GIF to png  ./personal_image_ham/CJEGILPIFADIAJOILOLMAEGNDKAA.rabbi@pobox.upenn.edu_image011.gif
CJEGILPIFADIAJOILOLMAEGNDKAA.rabbi@pobox.upenn.edu_image011.png
1
PNG FILE CREATED
Removing GIF file
changing file from GIF to png  ./personal_image_ham/CJEGILPIFADIAJOILOLMAEGNDKAA.rabbi@pobox.upenn.edu_image012.gif
CJEGILPIFADIAJOILOLMAEGNDKAA.rabbi@pobox.upenn.edu_image012.png
1
PNG FILE CREATED
Removing GIF file
changing file from GIF to png  ./personal_image_ham/CJEGILPIFADIAJOILOLMAEGNDKAA.rabbi@pobox.upenn.edu_image013.gif
CJEGILPIFADIAJOILOLMAEGNDKAA.rabbi@pobox.upenn.edu_image013.png
1
PNG FILE CREATED
Removing GIF file
changing file from GIF to png  ./personal_image_ham/CJEGILPIFADIAJOILOLMAEKFDHAA.rabbi@pobox.upenn.edu_image003.gif
CJEGILPIFADIAJOILOLMAEKFDHAA.rabbi@pobox.upenn.edu_image003.png
1
PNG FILE CREATED
Removing GIF file
changing file from GIF to png  ./personal_image_ham/CJEGILPIFADIAJOILOLMAEKFDHAA.rabbi@pobox.upenn.edu_image004.gif
CJEGILPIFADIAJOILOLMAEKFDHAA.rabbi@pobox.upenn.edu_image004.png
1
PNG FILE CREATED
Removing GIF file
changing file from GIF to png  ./personal_image_ham/CJEGILPIFADIAJOILOLMAEKFDHAA.rabbi@pobox.upenn.edu_image005.gif
CJEGILPIFADIAJOILOLMAEKFDHAA.rabbi@pobox.upenn.edu_image005.png
1
PNG FILE CREATED
Removing GIF file
changing file from GIF to png  ./personal_image_ham/CJEGILPIFADIAJOILOLMAEKFDHAA.rabbi@pobox.upenn.edu_image006.gif
CJEGILPIFADIAJOILOLMAEKFDHAA.rabbi@pobox.upenn.edu_image006.png
1
PNG FILE CREATED
Removing GIF file
changing file from GIF to png  ./personal_image_ham/CJEGILPIFADIAJOILOLMAEKFDHAA.rabbi@pobox.upenn.edu_image007.gif
CJEGILPIFADIAJOILOLMAEKFDHAA.rabbi@pobox.upenn.edu_image007.png
1
PNG FILE CREATED
Removing GIF file
changing file from GIF to png  ./personal_image_ham/CJEGILPIFADIAJOILOLMAEKFDHAA.rabbi@pobox.upenn.edu_image010.gif
CJEGILPIFADIAJOILOLMAEKFDHAA.rabbi@pobox.upenn.edu_image010.png
1
PNG FILE CREATED
Removing GIF file
changing file from GIF to png  ./personal_image_ham/CJEGILPIFADIAJOILOLMAEKFDHAA.rabbi@pobox.upenn.edu_image011.gif
CJEGILPIFADIAJOILOLMAEKFDHAA.rabbi@pobox.upenn.edu_image011.png
1
PNG FILE CREATED
Removing GIF file
changing file from GIF to png  ./personal_image_ham/CJEGILPIFADIAJOILOLMAEKFDHAA.rabbi@pobox.upenn.edu_image012.gif
CJEGILPIFADIAJOILOLMAEKFDHAA.rabbi@pobox.upenn.edu_image012.png
1
PNG FILE CREATED
Removing GIF file
changing file from GIF to png  ./personal_image_ham/CJEGILPIFADIAJOILOLMAEKFDHAA.rabbi@pobox.upenn.edu_image013.gif
CJEGILPIFADIAJOILOLMAEKFDHAA.rabbi@pobox.upenn.edu_image013.png
1
PNG FILE CREATED
Removing GIF file
changing file from GIF to png  ./personal_image_ham/CJEGILPIFADIAJOILOLMAEKFDHAA.rabbi@pobox.upenn.edu_image014.gif
CJEGILPIFADIAJOILOLMAEKFDHAA.rabbi@pobox.upenn.edu_image014.png
1
PNG FILE CREATED
Removing GIF file
changing file from GIF to png  ./personal_image_ham/CJEGILPIFADIAJOILOLMAEKFDHAA.rabbi@pobox.upenn.edu_image015.gif
CJEGILPIFADIAJOILOLMAEKFDHAA.rabbi@pobox.upenn.edu_image015.png
1
PNG FILE CREATED
Removing GIF file
changing file from GIF to png  ./personal_image_ham/CJEGILPIFADIAJOILOLMAEKFDHAA.rabbi@pobox.upenn.edu_image016.gif
CJEGILPIFADIAJOILOLMAEKFDHAA.rabbi@pobox.upenn.edu_image016.png
1
PNG FILE CREATED
Removing GIF file
changing file from GIF to png  ./personal_image_ham/CJEGILPIFADIAJOILOLMAEKFDHAA.rabbi@pobox.upenn.edu_image017.gif
CJEGILPIFADIAJOILOLMAEKFDHAA.rabbi@pobox.upenn.edu_image017.png
1
PNG FILE CREATED
Removing GIF file
changing file from GIF to png  ./personal_image_ham/CJEGILPIFADIAJOILOLMAEKFDHAA.rabbi@pobox.upenn.edu_image018.gif
CJEGILPIFADIAJOILOLMAEKFDHAA.rabbi@pobox.upenn.edu_image018.png
1
PNG FILE CREATED
Removing GIF file
changing file from GIF to png  ./personal_image_ham/CJEGILPIFADIAJOILOLMAEKFDHAA.rabbi@pobox.upenn.edu_image019.gif
CJEGILPIFADIAJOILOLMAEKFDHAA.rabbi@pobox.upenn.edu_image019.png
1
PNG FILE CREATED
Removing GIF file
changing file from GIF to png  ./personal_image_ham/CJEGILPIFADIAJOILOLMAELHDGAA.rabbi@pobox.upenn.edu_image005.gif
CJEGILPIFADIAJOILOLMAELHDGAA.rabbi@pobox.upenn.edu_image005.png
1
PNG FILE CREATED
Removing GIF file
changing file from GIF to png  ./personal_image_ham/CJEGILPIFADIAJOILOLMAENOCPAA.rabbi@pobox.upenn.edu_image004.gif
CJEGILPIFADIAJOILOLMAENOCPAA.rabbi@pobox.upenn.edu_image004.png
1
PNG FILE CREATED
Removing GIF file
changing file from GIF to png  ./personal_image_ham/CJEGILPIFADIAJOILOLMAEPFDLAA.rabbi@pobox.upenn.edu_image002.gif
CJEGILPIFADIAJOILOLMAEPFDLAA.rabbi@pobox.upenn.edu_image002.png
1
PNG FILE CREATED
Removing GIF file
changing file from GIF to png  ./personal_image_ham/CJEGILPIFADIAJOILOLMAEPFDLAA.rabbi@pobox.upenn.edu_image006.gif
CJEGILPIFADIAJOILOLMAEPFDLAA.rabbi@pobox.upenn.edu_image006.png
1
PNG FILE CREATED
Removing GIF file
changing file from GIF to png  ./personal_image_ham/CJEGILPIFADIAJOILOLMAEPFDLAA.rabbi@pobox.upenn.edu_image008.gif
CJEGILPIFADIAJOILOLMAEPFDLAA.rabbi@pobox.upenn.edu_image008.png
1
PNG FILE CREATED
Removing GIF file
changing file from GIF to png  ./personal_image_ham/CJEGILPIFADIAJOILOLMCENLDEAA.rabbi@pobox.upenn.edu_image004.gif
CJEGILPIFADIAJOILOLMCENLDEAA.rabbi@pobox.upenn.edu_image004.png
1
PNG FILE CREATED
Removing GIF file
changing file from GIF to png  ./personal_image_ham/CJEGILPIFADIAJOILOLMCENLDEAA.rabbi@pobox.upenn.edu_image005.gif
CJEGILPIFADIAJOILOLMCENLDEAA.rabbi@pobox.upenn.edu_image005.png
1
PNG FILE CREATED
Removing GIF file
changing file from GIF to png  ./personal_image_ham/CJEGILPIFADIAJOILOLMCENLDEAA.rabbi@pobox.upenn.edu_image006.gif
CJEGILPIFADIAJOILOLMCENLDEAA.rabbi@pobox.upenn.edu_image006.png
1
PNG FILE CREATED
Removing GIF file
changing file from GIF to png  ./personal_image_ham/CJEGILPIFADIAJOILOLMCENLDEAA.rabbi@pobox.upenn.edu_image007.gif
CJEGILPIFADIAJOILOLMCENLDEAA.rabbi@pobox.upenn.edu_image007.png
1
PNG FILE CREATED
Removing GIF file
changing file from GIF to png  ./personal_image_ham/CJEGILPIFADIAJOILOLMCENLDEAA.rabbi@pobox.upenn.edu_image008.gif
CJEGILPIFADIAJOILOLMCENLDEAA.rabbi@pobox.upenn.edu_image008.png
1
PNG FILE CREATED
Removing GIF file
changing file from GIF to png  ./personal_image_ham/CJEGILPIFADIAJOILOLMCENLDEAA.rabbi@pobox.upenn.edu_image009.gif
CJEGILPIFADIAJOILOLMCENLDEAA.rabbi@pobox.upenn.edu_image009.png
1
PNG FILE CREATED
Removing GIF file
changing file from GIF to png  ./personal_image_ham/CJEGILPIFADIAJOILOLMCENLDEAA.rabbi@pobox.upenn.edu_image010.gif
CJEGILPIFADIAJOILOLMCENLDEAA.rabbi@pobox.upenn.edu_image010.png
1
PNG FILE CREATED
Removing GIF file
changing file from GIF to png  ./personal_image_ham/CJEGILPIFADIAJOILOLMCENLDEAA.rabbi@pobox.upenn.edu_image011.gif
CJEGILPIFADIAJOILOLMCENLDEAA.rabbi@pobox.upenn.edu_image011.png
1
PNG FILE CREATED
Removing GIF file
changing file from GIF to png  ./personal_image_ham/CJEGILPIFADIAJOILOLMCENLDEAA.rabbi@pobox.upenn.edu_image012.gif
CJEGILPIFADIAJOILOLMCENLDEAA.rabbi@pobox.upenn.edu_image012.png
1
PNG FILE CREATED
Removing GIF file
changing file from GIF to png  ./personal_image_ham/CJEGILPIFADIAJOILOLMEEJDDAAA.rabbi@pobox.upenn.edu_image002.gif
CJEGILPIFADIAJOILOLMEEJDDAAA.rabbi@pobox.upenn.edu_image002.png
1
PNG FILE CREATED
Removing GIF file
changing file from GIF to png  ./personal_image_ham/CJEGILPIFADIAJOILOLMEEMIDBAA.rabbi@pobox.upenn.edu_image001.gif
CJEGILPIFADIAJOILOLMEEMIDBAA.rabbi@pobox.upenn.edu_image001.png
1
PNG FILE CREATED
Removing GIF file
changing file from GIF to png  ./personal_image_ham/CJEGILPIFADIAJOILOLMEEMIDBAA.rabbi@pobox.upenn.edu_image005.gif
CJEGILPIFADIAJOILOLMEEMIDBAA.rabbi@pobox.upenn.edu_image005.png
1
PNG FILE CREATED
Removing GIF file
changing file from GIF to png  ./personal_image_ham/CJEGILPIFADIAJOILOLMEEMIDBAA.rabbi@pobox.upenn.edu_image006.gif
CJEGILPIFADIAJOILOLMEEMIDBAA.rabbi@pobox.upenn.edu_image006.png
1
PNG FILE CREATED
Removing GIF file
changing file from GIF to png  ./personal_image_ham/CJEGILPIFADIAJOILOLMEEMIDBAA.rabbi@pobox.upenn.edu_image008.gif
CJEGILPIFADIAJOILOLMEEMIDBAA.rabbi@pobox.upenn.edu_image008.png
1
PNG FILE CREATED
Removing GIF file
changing file from GIF to png  ./personal_image_ham/CJEGILPIFADIAJOILOLMEENACOAA.rabbi@pobox.upenn.edu_image004.gif
CJEGILPIFADIAJOILOLMEENACOAA.rabbi@pobox.upenn.edu_image004.png
1
PNG FILE CREATED
Removing GIF file
changing file from GIF to png  ./personal_image_ham/CJEGILPIFADIAJOILOLMEENACOAA.rabbi@pobox.upenn.edu_image005.gif
CJEGILPIFADIAJOILOLMEENACOAA.rabbi@pobox.upenn.edu_image005.png
1
PNG FILE CREATED
Removing GIF file
changing file from GIF to png  ./personal_image_ham/CJEGILPIFADIAJOILOLMIEDJDBAA.rabbi@pobox.upenn.edu_image002.gif
CJEGILPIFADIAJOILOLMIEDJDBAA.rabbi@pobox.upenn.edu_image002.png
1
PNG FILE CREATED
Removing GIF file
changing file from GIF to png  ./personal_image_ham/CJEGILPIFADIAJOILOLMIEDJDBAA.rabbi@pobox.upenn.edu_image005.gif
CJEGILPIFADIAJOILOLMIEDJDBAA.rabbi@pobox.upenn.edu_image005.png
1
PNG FILE CREATED
Removing GIF file
changing file from GIF to png  ./personal_image_ham/CJEGILPIFADIAJOILOLMIEDJDBAA.rabbi@pobox.upenn.edu_image009.gif
CJEGILPIFADIAJOILOLMIEDJDBAA.rabbi@pobox.upenn.edu_image009.png
1
PNG FILE CREATED
Removing GIF file
changing file from GIF to png  ./personal_image_ham/CJEGILPIFADIAJOILOLMIENGDDAA.rabbi@pobox.upenn.edu_image002.gif
CJEGILPIFADIAJOILOLMIENGDDAA.rabbi@pobox.upenn.edu_image002.png
1
PNG FILE CREATED
Removing GIF file
changing file from GIF to png  ./personal_image_ham/CJEGILPIFADIAJOILOLMIENGDDAA.rabbi@pobox.upenn.edu_image003.gif
CJEGILPIFADIAJOILOLMIENGDDAA.rabbi@pobox.upenn.edu_image003.png
1
PNG FILE CREATED
Removing GIF file
changing file from GIF to png  ./personal_image_ham/CJEGILPIFADIAJOILOLMIENGDDAA.rabbi@pobox.upenn.edu_image004.gif
CJEGILPIFADIAJOILOLMIENGDDAA.rabbi@pobox.upenn.edu_image004.png
1
PNG FILE CREATED
Removing GIF file
changing file from GIF to png  ./personal_image_ham/CJEGILPIFADIAJOILOLMIENGDDAA.rabbi@pobox.upenn.edu_image005.gif
CJEGILPIFADIAJOILOLMIENGDDAA.rabbi@pobox.upenn.edu_image005.png
1
PNG FILE CREATED
Removing GIF file
changing file from GIF to png  ./personal_image_ham/CJEGILPIFADIAJOILOLMIENGDDAA.rabbi@pobox.upenn.edu_image006.gif
CJEGILPIFADIAJOILOLMIENGDDAA.rabbi@pobox.upenn.edu_image006.png
1
PNG FILE CREATED
Removing GIF file
changing file from GIF to png  ./personal_image_ham/CJEGILPIFADIAJOILOLMIENGDDAA.rabbi@pobox.upenn.edu_image007.gif
CJEGILPIFADIAJOILOLMIENGDDAA.rabbi@pobox.upenn.edu_image007.png
1
PNG FILE CREATED
Removing GIF file
changing file from GIF to png  ./personal_image_ham/CJEGILPIFADIAJOILOLMIENGDDAA.rabbi@pobox.upenn.edu_image008.gif
CJEGILPIFADIAJOILOLMIENGDDAA.rabbi@pobox.upenn.edu_image008.png
1
PNG FILE CREATED
Removing GIF file
changing file from GIF to png  ./personal_image_ham/CJEGILPIFADIAJOILOLMIENGDDAA.rabbi@pobox.upenn.edu_image009.gif
CJEGILPIFADIAJOILOLMIENGDDAA.rabbi@pobox.upenn.edu_image009.png
1
PNG FILE CREATED
Removing GIF file
changing file from GIF to png  ./personal_image_ham/CJEGILPIFADIAJOILOLMIENGDDAA.rabbi@pobox.upenn.edu_image010.gif
CJEGILPIFADIAJOILOLMIENGDDAA.rabbi@pobox.upenn.edu_image010.png
1
PNG FILE CREATED
Removing GIF file
changing file from GIF to png  ./personal_image_ham/CJEGILPIFADIAJOILOLMIEPODJAA.rabbi@pobox.upenn.edu_image002.gif
CJEGILPIFADIAJOILOLMIEPODJAA.rabbi@pobox.upenn.edu_image002.png
1
PNG FILE CREATED
Removing GIF file
changing file from GIF to png  ./personal_image_ham/CJEGILPIFADIAJOILOLMIEPODJAA.rabbi@pobox.upenn.edu_image003.gif
CJEGILPIFADIAJOILOLMIEPODJAA.rabbi@pobox.upenn.edu_image003.png
1
PNG FILE CREATED
Removing GIF file
changing file from GIF to png  ./personal_image_ham/CJEGILPIFADIAJOILOLMIEPODJAA.rabbi@pobox.upenn.edu_image004.gif
CJEGILPIFADIAJOILOLMIEPODJAA.rabbi@pobox.upenn.edu_image004.png
1
PNG FILE CREATED
Removing GIF file
changing file from GIF to png  ./personal_image_ham/CJEGILPIFADIAJOILOLMIEPODJAA.rabbi@pobox.upenn.edu_image005.gif
CJEGILPIFADIAJOILOLMIEPODJAA.rabbi@pobox.upenn.edu_image005.png
1
PNG FILE CREATED
Removing GIF file
changing file from GIF to png  ./personal_image_ham/CJEGILPIFADIAJOILOLMIEPODJAA.rabbi@pobox.upenn.edu_image006.gif
CJEGILPIFADIAJOILOLMIEPODJAA.rabbi@pobox.upenn.edu_image006.png
1
PNG FILE CREATED
Removing GIF file
changing file from GIF to png  ./personal_image_ham/CJEGILPIFADIAJOILOLMIEPODJAA.rabbi@pobox.upenn.edu_image007.gif
CJEGILPIFADIAJOILOLMIEPODJAA.rabbi@pobox.upenn.edu_image007.png
1
PNG FILE CREATED
Removing GIF file
changing file from GIF to png  ./personal_image_ham/CJEGILPIFADIAJOILOLMIEPODJAA.rabbi@pobox.upenn.edu_image008.gif
CJEGILPIFADIAJOILOLMIEPODJAA.rabbi@pobox.upenn.edu_image008.png
1
PNG FILE CREATED
Removing GIF file
changing file from GIF to png  ./personal_image_ham/CJEGILPIFADIAJOILOLMIEPODJAA.rabbi@pobox.upenn.edu_image009.gif
CJEGILPIFADIAJOILOLMIEPODJAA.rabbi@pobox.upenn.edu_image009.png
1
PNG FILE CREATED
Removing GIF file
changing file from GIF to png  ./personal_image_ham/CJEGILPIFADIAJOILOLMIEPODJAA.rabbi@pobox.upenn.edu_image010.gif
CJEGILPIFADIAJOILOLMIEPODJAA.rabbi@pobox.upenn.edu_image010.png
1
PNG FILE CREATED
Removing GIF file
changing file from GIF to png  ./personal_image_ham/CJEGILPIFADIAJOILOLMOEDODIAA.rabbi@pobox.upenn.edu_image009.gif
CJEGILPIFADIAJOILOLMOEDODIAA.rabbi@pobox.upenn.edu_image009.png
1
PNG FILE CREATED
Removing GIF file
changing file from GIF to png  ./personal_image_ham/CJEGILPIFADIAJOILOLMOEDODIAA.rabbi@pobox.upenn.edu_image010.gif
CJEGILPIFADIAJOILOLMOEDODIAA.rabbi@pobox.upenn.edu_image010.png
1
PNG FILE CREATED
Removing GIF file
changing file from GIF to png  ./personal_image_ham/CJEGILPIFADIAJOILOLMOEDODIAA.rabbi@pobox.upenn.edu_image011.gif
CJEGILPIFADIAJOILOLMOEDODIAA.rabbi@pobox.upenn.edu_image011.png
1
PNG FILE CREATED
Removing GIF file
changing file from GIF to png  ./personal_image_ham/CJEGILPIFADIAJOILOLMOEDODIAA.rabbi@pobox.upenn.edu_image012.gif
CJEGILPIFADIAJOILOLMOEDODIAA.rabbi@pobox.upenn.edu_image012.png
1
PNG FILE CREATED
Removing GIF file
changing file from GIF to png  ./personal_image_ham/CJEGILPIFADIAJOILOLMOEDODIAA.rabbi@pobox.upenn.edu_image013.gif
CJEGILPIFADIAJOILOLMOEDODIAA.rabbi@pobox.upenn.edu_image013.png
1
PNG FILE CREATED
Removing GIF file
changing file from GIF to png  ./personal_image_ham/CJEGILPIFADIAJOILOLMOEDODIAA.rabbi@pobox.upenn.edu_image014.gif
CJEGILPIFADIAJOILOLMOEDODIAA.rabbi@pobox.upenn.edu_image014.png
1
PNG FILE CREATED
Removing GIF file
changing file from GIF to png  ./personal_image_ham/CJEGILPIFADIAJOILOLMOEDODIAA.rabbi@pobox.upenn.edu_image015.gif
CJEGILPIFADIAJOILOLMOEDODIAA.rabbi@pobox.upenn.edu_image015.png
1
PNG FILE CREATED
Removing GIF file
changing file from GIF to png  ./personal_image_ham/CJEGILPIFADIAJOILOLMOEDODIAA.rabbi@pobox.upenn.edu_image016.gif
CJEGILPIFADIAJOILOLMOEDODIAA.rabbi@pobox.upenn.edu_image016.png
1
PNG FILE CREATED
Removing GIF file
changing file from GIF to png  ./personal_image_ham/CJEGILPIFADIAJOILOLMOEDODIAA.rabbi@pobox.upenn.edu_image017.gif
CJEGILPIFADIAJOILOLMOEDODIAA.rabbi@pobox.upenn.edu_image017.png
1
PNG FILE CREATED
Removing GIF file
changing file from GIF to png  ./personal_image_ham/CJEGILPIFADIAJOILOLMOENEDAAA.rabbi@pobox.upenn.edu_image002.gif
CJEGILPIFADIAJOILOLMOENEDAAA.rabbi@pobox.upenn.edu_image002.png
1
PNG FILE CREATED
Removing GIF file
changing file from GIF to png  ./personal_image_ham/CJEGILPIFADIAJOILOLMOEPNDJAA.rabbi@pobox.upenn.edu_image002.gif
CJEGILPIFADIAJOILOLMOEPNDJAA.rabbi@pobox.upenn.edu_image002.png
1
PNG FILE CREATED
Removing GIF file
changing file from GIF to png  ./personal_image_ham/CJEGILPIFADIAJOILOLMOEPNDJAA.rabbi@pobox.upenn.edu_image003.gif
CJEGILPIFADIAJOILOLMOEPNDJAA.rabbi@pobox.upenn.edu_image003.png
1
PNG FILE CREATED
Removing GIF file
changing file from GIF to png  ./personal_image_ham/CJEGILPIFADIAJOILOLMOEPNDJAA.rabbi@pobox.upenn.edu_image004.gif
CJEGILPIFADIAJOILOLMOEPNDJAA.rabbi@pobox.upenn.edu_image004.png
1
PNG FILE CREATED
Removing GIF file
changing file from GIF to png  ./personal_image_ham/CJEGILPIFADIAJOILOLMOEPNDJAA.rabbi@pobox.upenn.edu_image005.gif
CJEGILPIFADIAJOILOLMOEPNDJAA.rabbi@pobox.upenn.edu_image005.png
1
PNG FILE CREATED
Removing GIF file
changing file from GIF to png  ./personal_image_ham/CJEGILPIFADIAJOILOLMOEPNDJAA.rabbi@pobox.upenn.edu_image006.gif
CJEGILPIFADIAJOILOLMOEPNDJAA.rabbi@pobox.upenn.edu_image006.png
1
PNG FILE CREATED
Removing GIF file
changing file from GIF to png  ./personal_image_ham/CJEGILPIFADIAJOILOLMOEPNDJAA.rabbi@pobox.upenn.edu_image007.gif
CJEGILPIFADIAJOILOLMOEPNDJAA.rabbi@pobox.upenn.edu_image007.png
1
PNG FILE CREATED
Removing GIF file
changing file from GIF to png  ./personal_image_ham/CJEGILPIFADIAJOILOLMOEPNDJAA.rabbi@pobox.upenn.edu_image008.gif
CJEGILPIFADIAJOILOLMOEPNDJAA.rabbi@pobox.upenn.edu_image008.png
1
PNG FILE CREATED
Removing GIF file
changing file from GIF to png  ./personal_image_ham/CJEGILPIFADIAJOILOLMOEPNDJAA.rabbi@pobox.upenn.edu_image009.gif
CJEGILPIFADIAJOILOLMOEPNDJAA.rabbi@pobox.upenn.edu_image009.png
1
PNG FILE CREATED
Removing GIF file
changing file from GIF to png  ./personal_image_ham/CJEGILPIFADIAJOILOLMOEPNDJAA.rabbi@pobox.upenn.edu_image010.gif
CJEGILPIFADIAJOILOLMOEPNDJAA.rabbi@pobox.upenn.edu_image010.png
1
PNG FILE CREATED
Removing GIF file
changing file from GIF to png  ./personal_image_ham/D52A5D7886760D4E90A0446177898812DD9C45@LOGAN.wharton.upenn.edu_image003.gif
D52A5D7886760D4E90A0446177898812DD9C45@LOGAN.wharton.upenn.edu_image003.png
1
PNG FILE CREATED
Removing GIF file
changing file from GIF to png  ./personal_image_ham/D52A5D7886760D4E90A0446177898812DD9C45@LOGAN.wharton.upenn.edu_image004.gif
D52A5D7886760D4E90A0446177898812DD9C45@LOGAN.wharton.upenn.edu_image004.png
1
PNG FILE CREATED
Removing GIF file
changing file from GIF to png  ./personal_image_ham/d8dd1fd8f136a6f3cf466cf84354b13e@register.facebook.com_logo.gif
d8dd1fd8f136a6f3cf466cf84354b13e@register.facebook.com_logo.png
1
PNG FILE CREATED
Removing GIF file
changing file from GIF to png  ./personal_image_ham/E1GFGWu-0001q4-PD@viper.ewdhosting.com_spacer_black.gif
E1GFGWu-0001q4-PD@viper.ewdhosting.com_spacer_black.png
1
PNG FILE CREATED
Removing GIF file
changing file from GIF to png  ./personal_image_ham/E1GFGWu-0001q4-PD@viper.ewdhosting.com_spacer.gif
E1GFGWu-0001q4-PD@viper.ewdhosting.com_spacer.png
1
PNG FILE CREATED
Removing GIF file
changing file from GIF to png  ./personal_image_ham/E1GGjqG-0004wS-KL@viper.ewdhosting.com_spacer_black.gif
E1GGjqG-0004wS-KL@viper.ewdhosting.com_spacer_black.png
1
PNG FILE CREATED
Removing GIF file
changing file from GIF to png  ./personal_image_ham/E1GGjqG-0004wS-KL@viper.ewdhosting.com_spacer.gif
E1GGjqG-0004wS-KL@viper.ewdhosting.com_spacer.png
1
PNG FILE CREATED
Removing GIF file
changing file from GIF to png  ./personal_image_ham/EBA3D68B36B1884A8763CC80A5A7DFC901471B@vsrv01.stuhelp.local_image001.gif
EBA3D68B36B1884A8763CC80A5A7DFC901471B@vsrv01.stuhelp.local_image001.png
1
PNG FILE CREATED
Removing GIF file
changing file from GIF to png  ./personal_image_ham/EBA3D68B36B1884A8763CC80A5A7DFC901471B@vsrv01.stuhelp.local_image002.gif
EBA3D68B36B1884A8763CC80A5A7DFC901471B@vsrv01.stuhelp.local_image002.png
1
PNG FILE CREATED
Removing GIF file
changing file from GIF to png  ./personal_image_ham/F78283EE5250E34D90C99F03A4D863C5F940CC@FRANKLIN.wharton.upenn.edu_image026.gif
F78283EE5250E34D90C99F03A4D863C5F940CC@FRANKLIN.wharton.upenn.edu_image026.png
1
PNG FILE CREATED
Removing GIF file
changing file from GIF to png  ./personal_image_ham/F78283EE5250E34D90C99F03A4D863C5F940CC@FRANKLIN.wharton.upenn.edu_image027.gif
F78283EE5250E34D90C99F03A4D863C5F940CC@FRANKLIN.wharton.upenn.edu_image027.png
1
PNG FILE CREATED
Removing GIF file
changing file from GIF to png  ./personal_image_ham/F78283EE5250E34D90C99F03A4D863C5F940CC@FRANKLIN.wharton.upenn.edu_image028.gif
F78283EE5250E34D90C99F03A4D863C5F940CC@FRANKLIN.wharton.upenn.edu_image028.png
1
PNG FILE CREATED
Removing GIF file
changing file from GIF to png  ./personal_image_ham/HBEAKBAOEIKFBGPEPEPBAEBAECAA.rabbi@pobox.upenn.edu_image003.gif
HBEAKBAOEIKFBGPEPEPBAEBAECAA.rabbi@pobox.upenn.edu_image003.png
1
PNG FILE CREATED
Removing GIF file
changing file from GIF to png  ./personal_image_ham/HBEAKBAOEIKFBGPEPEPBAEBAECAA.rabbi@pobox.upenn.edu_image005.gif
HBEAKBAOEIKFBGPEPEPBAEBAECAA.rabbi@pobox.upenn.edu_image005.png
1
PNG FILE CREATED
Removing GIF file
changing file from GIF to png  ./personal_image_ham/HBEAKBAOEIKFBGPEPEPBAEBAECAA.rabbi@pobox.upenn.edu_image007.gif
HBEAKBAOEIKFBGPEPEPBAEBAECAA.rabbi@pobox.upenn.edu_image007.png
1
PNG FILE CREATED
Removing GIF file
changing file from GIF to png  ./personal_image_ham/HBEAKBAOEIKFBGPEPEPBAEBAECAA.rabbi@pobox.upenn.edu_image009.gif
HBEAKBAOEIKFBGPEPEPBAEBAECAA.rabbi@pobox.upenn.edu_image009.png
1
PNG FILE CREATED
Removing GIF file
changing file from GIF to png  ./personal_image_ham/HBEAKBAOEIKFBGPEPEPBAEBAECAA.rabbi@pobox.upenn.edu_image011.gif
HBEAKBAOEIKFBGPEPEPBAEBAECAA.rabbi@pobox.upenn.edu_image011.png
1
PNG FILE CREATED
Removing GIF file
changing file from GIF to png  ./personal_image_ham/HBEAKBAOEIKFBGPEPEPBAEBAECAA.rabbi@pobox.upenn.edu_image013.gif
HBEAKBAOEIKFBGPEPEPBAEBAECAA.rabbi@pobox.upenn.edu_image013.png
1
PNG FILE CREATED
Removing GIF file
changing file from GIF to png  ./personal_image_ham/HBEAKBAOEIKFBGPEPEPBAEBHFBAA.rabbi@pobox.upenn.edu_image006.gif
HBEAKBAOEIKFBGPEPEPBAEBHFBAA.rabbi@pobox.upenn.edu_image006.png
1
PNG FILE CREATED
Removing GIF file
changing file from GIF to png  ./personal_image_ham/HBEAKBAOEIKFBGPEPEPBAEBHFBAA.rabbi@pobox.upenn.edu_image007.gif
HBEAKBAOEIKFBGPEPEPBAEBHFBAA.rabbi@pobox.upenn.edu_image007.png
1
PNG FILE CREATED
Removing GIF file
changing file from GIF to png  ./personal_image_ham/HBEAKBAOEIKFBGPEPEPBAEBHFBAA.rabbi@pobox.upenn.edu_image009.gif
HBEAKBAOEIKFBGPEPEPBAEBHFBAA.rabbi@pobox.upenn.edu_image009.png
1
PNG FILE CREATED
Removing GIF file
changing file from GIF to png  ./personal_image_ham/HBEAKBAOEIKFBGPEPEPBAEBHFBAA.rabbi@pobox.upenn.edu_image011.gif
HBEAKBAOEIKFBGPEPEPBAEBHFBAA.rabbi@pobox.upenn.edu_image011.png
1
PNG FILE CREATED
Removing GIF file
changing file from GIF to png  ./personal_image_ham/HBEAKBAOEIKFBGPEPEPBAECPFEAA.rabbi@pobox.upenn.edu_image006.gif
HBEAKBAOEIKFBGPEPEPBAECPFEAA.rabbi@pobox.upenn.edu_image006.png
1
PNG FILE CREATED
Removing GIF file
changing file from GIF to png  ./personal_image_ham/HBEAKBAOEIKFBGPEPEPBAECPFEAA.rabbi@pobox.upenn.edu_image009.gif
HBEAKBAOEIKFBGPEPEPBAECPFEAA.rabbi@pobox.upenn.edu_image009.png
1
PNG FILE CREATED
Removing GIF file
changing file from GIF to png  ./personal_image_ham/HBEAKBAOEIKFBGPEPEPBAEFKFCAA.rabbi@pobox.upenn.edu_image008.gif
HBEAKBAOEIKFBGPEPEPBAEFKFCAA.rabbi@pobox.upenn.edu_image008.png
1
PNG FILE CREATED
Removing GIF file
changing file from GIF to png  ./personal_image_ham/HBEAKBAOEIKFBGPEPEPBAEFKFCAA.rabbi@pobox.upenn.edu_image010.gif
HBEAKBAOEIKFBGPEPEPBAEFKFCAA.rabbi@pobox.upenn.edu_image010.png
1
PNG FILE CREATED
Removing GIF file
changing file from GIF to png  ./personal_image_ham/HBEAKBAOEIKFBGPEPEPBAEFKFCAA.rabbi@pobox.upenn.edu_image012.gif
HBEAKBAOEIKFBGPEPEPBAEFKFCAA.rabbi@pobox.upenn.edu_image012.png
1
PNG FILE CREATED
Removing GIF file
changing file from GIF to png  ./personal_image_ham/HBEAKBAOEIKFBGPEPEPBAEIBDOAA.rabbi@pobox.upenn.edu_image016.gif
HBEAKBAOEIKFBGPEPEPBAEIBDOAA.rabbi@pobox.upenn.edu_image016.png
1
PNG FILE CREATED
Removing GIF file
changing file from GIF to png  ./personal_image_ham/HBEAKBAOEIKFBGPEPEPBAEIBDOAA.rabbi@pobox.upenn.edu_image020.gif
HBEAKBAOEIKFBGPEPEPBAEIBDOAA.rabbi@pobox.upenn.edu_image020.png
1
PNG FILE CREATED
Removing GIF file
changing file from GIF to png  ./personal_image_ham/HBEAKBAOEIKFBGPEPEPBAEIBDOAA.rabbi@pobox.upenn.edu_image022.gif
HBEAKBAOEIKFBGPEPEPBAEIBDOAA.rabbi@pobox.upenn.edu_image022.png
1
PNG FILE CREATED
Removing GIF file
changing file from GIF to png  ./personal_image_ham/HBEAKBAOEIKFBGPEPEPBCEDJEDAA.rabbi@pobox.upenn.edu_image003.gif
HBEAKBAOEIKFBGPEPEPBCEDJEDAA.rabbi@pobox.upenn.edu_image003.png
1
PNG FILE CREATED
Removing GIF file
changing file from GIF to png  ./personal_image_ham/HBEAKBAOEIKFBGPEPEPBCEDJEDAA.rabbi@pobox.upenn.edu_image006.gif
HBEAKBAOEIKFBGPEPEPBCEDJEDAA.rabbi@pobox.upenn.edu_image006.png
1
PNG FILE CREATED
Removing GIF file
changing file from GIF to png  ./personal_image_ham/HBEAKBAOEIKFBGPEPEPBCEDJEDAA.rabbi@pobox.upenn.edu_image008.gif
HBEAKBAOEIKFBGPEPEPBCEDJEDAA.rabbi@pobox.upenn.edu_image008.png
1
PNG FILE CREATED
Removing GIF file
changing file from GIF to png  ./personal_image_ham/HBEAKBAOEIKFBGPEPEPBCEDJEDAA.rabbi@pobox.upenn.edu_image010.gif
HBEAKBAOEIKFBGPEPEPBCEDJEDAA.rabbi@pobox.upenn.edu_image010.png
1
PNG FILE CREATED
Removing GIF file
changing file from GIF to png  ./personal_image_ham/HBEAKBAOEIKFBGPEPEPBGECDEGAA.rabbi@pobox.upenn.edu_image003.gif
HBEAKBAOEIKFBGPEPEPBGECDEGAA.rabbi@pobox.upenn.edu_image003.png
1
PNG FILE CREATED
Removing GIF file
changing file from GIF to png  ./personal_image_ham/HBEAKBAOEIKFBGPEPEPBGECDEGAA.rabbi@pobox.upenn.edu_image006.gif
HBEAKBAOEIKFBGPEPEPBGECDEGAA.rabbi@pobox.upenn.edu_image006.png
1
PNG FILE CREATED
Removing GIF file
changing file from GIF to png  ./personal_image_ham/HBEAKBAOEIKFBGPEPEPBGEFOEHAA.rabbi@pobox.upenn.edu_image001.gif
HBEAKBAOEIKFBGPEPEPBGEFOEHAA.rabbi@pobox.upenn.edu_image001.png
1
PNG FILE CREATED
Removing GIF file
changing file from GIF to png  ./personal_image_ham/HBEAKBAOEIKFBGPEPEPBGEFOEHAA.rabbi@pobox.upenn.edu_image003.gif
HBEAKBAOEIKFBGPEPEPBGEFOEHAA.rabbi@pobox.upenn.edu_image003.png
1
PNG FILE CREATED
Removing GIF file
changing file from GIF to png  ./personal_image_ham/HBEAKBAOEIKFBGPEPEPBGEFOEHAA.rabbi@pobox.upenn.edu_image006.gif
HBEAKBAOEIKFBGPEPEPBGEFOEHAA.rabbi@pobox.upenn.edu_image006.png
1
PNG FILE CREATED
Removing GIF file
changing file from GIF to png  ./personal_image_ham/HBEAKBAOEIKFBGPEPEPBGEFOEHAA.rabbi@pobox.upenn.edu_image008.gif
HBEAKBAOEIKFBGPEPEPBGEFOEHAA.rabbi@pobox.upenn.edu_image008.png
1
PNG FILE CREATED
Removing GIF file
changing file from GIF to png  ./personal_image_ham/HBEAKBAOEIKFBGPEPEPBMEDPFPAA.rabbi@pobox.upenn.edu_image005.gif
HBEAKBAOEIKFBGPEPEPBMEDPFPAA.rabbi@pobox.upenn.edu_image005.png
1
PNG FILE CREATED
Removing GIF file
changing file from GIF to png  ./personal_image_ham/HBEAKBAOEIKFBGPEPEPBOEMDFPAA.rabbi@pobox.upenn.edu_image004.gif
HBEAKBAOEIKFBGPEPEPBOEMDFPAA.rabbi@pobox.upenn.edu_image004.png
1
PNG FILE CREATED
Removing GIF file
changing file from GIF to png  ./personal_image_ham/HBEAKBAOEIKFBGPEPEPBOEMDFPAA.rabbi@pobox.upenn.edu_image005.gif
HBEAKBAOEIKFBGPEPEPBOEMDFPAA.rabbi@pobox.upenn.edu_image005.png
1
PNG FILE CREATED
Removing GIF file
changing file from GIF to png  ./personal_image_ham/HBEAKBAOEIKFBGPEPEPBOENCELAA.rabbi@pobox.upenn.edu_image003.gif
HBEAKBAOEIKFBGPEPEPBOENCELAA.rabbi@pobox.upenn.edu_image003.png
1
PNG FILE CREATED
Removing GIF file
changing file from GIF to png  ./personal_image_ham/HBEAKBAOEIKFBGPEPEPBOEOHEDAA.rabbi@pobox.upenn.edu_image003.gif
HBEAKBAOEIKFBGPEPEPBOEOHEDAA.rabbi@pobox.upenn.edu_image003.png
1
PNG FILE CREATED
Removing GIF file
changing file from GIF to png  ./personal_image_ham/HBEAKBAOEIKFBGPEPEPBOEOHEDAA.rabbi@pobox.upenn.edu_image005.gif
HBEAKBAOEIKFBGPEPEPBOEOHEDAA.rabbi@pobox.upenn.edu_image005.png
1
PNG FILE CREATED
Removing GIF file
changing file from GIF to png  ./personal_image_ham/HBEAKBAOEIKFBGPEPEPBOEOHEDAA.rabbi@pobox.upenn.edu_image008.gif
HBEAKBAOEIKFBGPEPEPBOEOHEDAA.rabbi@pobox.upenn.edu_image008.png
1
PNG FILE CREATED
Removing GIF file
changing file from GIF to png  ./personal_image_ham/HBEAKBAOEIKFBGPEPEPBOEOHEDAA.rabbi@pobox.upenn.edu_image010.gif
HBEAKBAOEIKFBGPEPEPBOEOHEDAA.rabbi@pobox.upenn.edu_image010.png
1
PNG FILE CREATED
Removing GIF file
changing file from GIF to png  ./personal_image_ham/HBEAKBAOEIKFBGPEPEPBOEOHEDAA.rabbi@pobox.upenn.edu_image011.gif
HBEAKBAOEIKFBGPEPEPBOEOHEDAA.rabbi@pobox.upenn.edu_image011.png
1
PNG FILE CREATED
Removing GIF file
changing file from GIF to png  ./personal_image_ham/HBEAKBAOEIKFBGPEPEPBOEOHEDAA.rabbi@pobox.upenn.edu_image013.gif
HBEAKBAOEIKFBGPEPEPBOEOHEDAA.rabbi@pobox.upenn.edu_image013.png
1
PNG FILE CREATED
Removing GIF file
555
