input directory
removing unwanted png files created from gifs ./personal_image_ham/001001c6d64b$e232a948$3ba049c2@yg.ljuvt_adhere.p01
001001c6d64b$e232a948$3ba049c2@yg.ljuvt_adhere
Extension of file  .p01
REMOVING FILE  ./personal_image_ham/001001c6d64b$e232a948$3ba049c2@yg.ljuvt_adhere.p01
Extension of file  .p02
REMOVING FILE  ./personal_image_ham/001001c6d64b$e232a948$3ba049c2@yg.ljuvt_adhere.p02
Extension of file  .p03
REMOVING FILE  ./personal_image_ham/001001c6d64b$e232a948$3ba049c2@yg.ljuvt_adhere.p03
Extension of file  .png
PNG FILE SPOTTED. NOT REMOVING IT
removing unwanted png files created from gifs ./personal_image_ham/1033.p01
1033
Extension of file  .p01
REMOVING FILE  ./personal_image_ham/1033.p01
Extension of file  .p02
REMOVING FILE  ./personal_image_ham/1033.p02
Extension of file  .p03
REMOVING FILE  ./personal_image_ham/1033.p03
Extension of file  .png
PNG FILE SPOTTED. NOT REMOVING IT
removing unwanted png files created from gifs ./personal_image_ham/1080.p01
1080
Extension of file  .p01
REMOVING FILE  ./personal_image_ham/1080.p01
Extension of file  .p02
REMOVING FILE  ./personal_image_ham/1080.p02
Extension of file  .p03
REMOVING FILE  ./personal_image_ham/1080.p03
Extension of file  .p04
REMOVING FILE  ./personal_image_ham/1080.p04
Extension of file  .p05
REMOVING FILE  ./personal_image_ham/1080.p05
Extension of file  .p06
REMOVING FILE  ./personal_image_ham/1080.p06
Extension of file  .p07
REMOVING FILE  ./personal_image_ham/1080.p07
Extension of file  .p08
REMOVING FILE  ./personal_image_ham/1080.p08
Extension of file  .p09
REMOVING FILE  ./personal_image_ham/1080.p09
Extension of file  .png
PNG FILE SPOTTED. NOT REMOVING IT
Extension of file  edu_
REMOVING FILE  ./personal_image_ham/432EDAD8.9010805@seas.upenn.edu_
Extension of file  .png
PNG FILE SPOTTED. NOT REMOVING IT
removing unwanted png files created from gifs ./personal_image_ham/1107.p01
1107
Extension of file  .p01
REMOVING FILE  ./personal_image_ham/1107.p01
Extension of file  .png
PNG FILE SPOTTED. NOT REMOVING IT
removing unwanted png files created from gifs ./personal_image_ham/1110.p01
1110
Extension of file  .p01
REMOVING FILE  ./personal_image_ham/1110.p01
Extension of file  .p02
REMOVING FILE  ./personal_image_ham/1110.p02
Extension of file  .p03
REMOVING FILE  ./personal_image_ham/1110.p03
Extension of file  .p04
REMOVING FILE  ./personal_image_ham/1110.p04
Extension of file  .p05
REMOVING FILE  ./personal_image_ham/1110.p05
Extension of file  .p06
REMOVING FILE  ./personal_image_ham/1110.p06
Extension of file  .p07
REMOVING FILE  ./personal_image_ham/1110.p07
Extension of file  .p08
REMOVING FILE  ./personal_image_ham/1110.p08
Extension of file  .png
PNG FILE SPOTTED. NOT REMOVING IT
Extension of file  .png
PNG FILE SPOTTED. NOT REMOVING IT
removing unwanted png files created from gifs ./personal_image_ham/1111.p01
1111
Extension of file  .p01
REMOVING FILE  ./personal_image_ham/1111.p01
Extension of file  .p02
REMOVING FILE  ./personal_image_ham/1111.p02
Extension of file  .p03
REMOVING FILE  ./personal_image_ham/1111.p03
Extension of file  .png
PNG FILE SPOTTED. NOT REMOVING IT
removing unwanted png files created from gifs ./personal_image_ham/1112.p01
1112
Extension of file  .p01
REMOVING FILE  ./personal_image_ham/1112.p01
Extension of file  .png
PNG FILE SPOTTED. NOT REMOVING IT
Extension of file  com_
REMOVING FILE  ./personal_image_ham/f0cf01f30608111258n1f3653fbn707c1a6f9ae162d3@mail.gmail.com_
removing unwanted png files created from gifs ./personal_image_ham/1113.p01
1113
Extension of file  .p01
REMOVING FILE  ./personal_image_ham/1113.p01
Extension of file  .p02
REMOVING FILE  ./personal_image_ham/1113.p02
Extension of file  .p03
REMOVING FILE  ./personal_image_ham/1113.p03
Extension of file  .png
PNG FILE SPOTTED. NOT REMOVING IT
removing unwanted png files created from gifs ./personal_image_ham/1114.p01
1114
Extension of file  .p01
REMOVING FILE  ./personal_image_ham/1114.p01
Extension of file  .p02
REMOVING FILE  ./personal_image_ham/1114.p02
Extension of file  .p03
REMOVING FILE  ./personal_image_ham/1114.p03
Extension of file  .p04
REMOVING FILE  ./personal_image_ham/1114.p04
Extension of file  .p05
REMOVING FILE  ./personal_image_ham/1114.p05
Extension of file  .p06
REMOVING FILE  ./personal_image_ham/1114.p06
Extension of file  .p07
REMOVING FILE  ./personal_image_ham/1114.p07
Extension of file  .png
PNG FILE SPOTTED. NOT REMOVING IT
Extension of file  .jpg
REMOVING FILE  ./personal_image_ham/1136101114.43b786fa8ac89@host.gse.upenn.edu_my_pet_menorah_-_muttel_the_dog.jpg
removing unwanted png files created from gifs ./personal_image_ham/1116.p01
1116
Extension of file  .p01
REMOVING FILE  ./personal_image_ham/1116.p01
Extension of file  .p02
REMOVING FILE  ./personal_image_ham/1116.p02
Extension of file  .p03
REMOVING FILE  ./personal_image_ham/1116.p03
Extension of file  .p04
REMOVING FILE  ./personal_image_ham/1116.p04
Extension of file  .p05
REMOVING FILE  ./personal_image_ham/1116.p05
Extension of file  .png
PNG FILE SPOTTED. NOT REMOVING IT
removing unwanted png files created from gifs ./personal_image_ham/1117.p01
1117
Extension of file  .p01
REMOVING FILE  ./personal_image_ham/1117.p01
Extension of file  .p02
REMOVING FILE  ./personal_image_ham/1117.p02
Extension of file  .p03
REMOVING FILE  ./personal_image_ham/1117.p03
Extension of file  .p04
REMOVING FILE  ./personal_image_ham/1117.p04
Extension of file  .p05
REMOVING FILE  ./personal_image_ham/1117.p05
Extension of file  .png
PNG FILE SPOTTED. NOT REMOVING IT
removing unwanted png files created from gifs ./personal_image_ham/1118.p01
1118
Extension of file  .p01
REMOVING FILE  ./personal_image_ham/1118.p01
Extension of file  .p02
REMOVING FILE  ./personal_image_ham/1118.p02
Extension of file  .png
PNG FILE SPOTTED. NOT REMOVING IT
removing unwanted png files created from gifs ./personal_image_ham/1119.p01
1119
Extension of file  .p01
REMOVING FILE  ./personal_image_ham/1119.p01
Extension of file  .p02
REMOVING FILE  ./personal_image_ham/1119.p02
Extension of file  .p03
REMOVING FILE  ./personal_image_ham/1119.p03
Extension of file  .png
PNG FILE SPOTTED. NOT REMOVING IT
removing unwanted png files created from gifs ./personal_image_ham/1120.p01
1120
Extension of file  .p01
REMOVING FILE  ./personal_image_ham/1120.p01
Extension of file  .p02
REMOVING FILE  ./personal_image_ham/1120.p02
Extension of file  .p03
REMOVING FILE  ./personal_image_ham/1120.p03
Extension of file  .p04
REMOVING FILE  ./personal_image_ham/1120.p04
Extension of file  .p05
REMOVING FILE  ./personal_image_ham/1120.p05
Extension of file  .p06
REMOVING FILE  ./personal_image_ham/1120.p06
Extension of file  .p07
REMOVING FILE  ./personal_image_ham/1120.p07
Extension of file  .p08
REMOVING FILE  ./personal_image_ham/1120.p08
Extension of file  .p09
REMOVING FILE  ./personal_image_ham/1120.p09
Extension of file  .p10
REMOVING FILE  ./personal_image_ham/1120.p10
Extension of file  .p11
REMOVING FILE  ./personal_image_ham/1120.p11
Extension of file  .p12
REMOVING FILE  ./personal_image_ham/1120.p12
Extension of file  .p13
REMOVING FILE  ./personal_image_ham/1120.p13
Extension of file  .p14
REMOVING FILE  ./personal_image_ham/1120.p14
Extension of file  .p15
REMOVING FILE  ./personal_image_ham/1120.p15
Extension of file  .p16
REMOVING FILE  ./personal_image_ham/1120.p16
Extension of file  .p17
REMOVING FILE  ./personal_image_ham/1120.p17
Extension of file  .p18
REMOVING FILE  ./personal_image_ham/1120.p18
Extension of file  .p19
REMOVING FILE  ./personal_image_ham/1120.p19
Extension of file  .p20
REMOVING FILE  ./personal_image_ham/1120.p20
Extension of file  .p21
REMOVING FILE  ./personal_image_ham/1120.p21
Extension of file  .p22
REMOVING FILE  ./personal_image_ham/1120.p22
Extension of file  .p23
REMOVING FILE  ./personal_image_ham/1120.p23
Extension of file  .p24
REMOVING FILE  ./personal_image_ham/1120.p24
Extension of file  .p25
REMOVING FILE  ./personal_image_ham/1120.p25
Extension of file  .p26
REMOVING FILE  ./personal_image_ham/1120.p26
Extension of file  .p27
REMOVING FILE  ./personal_image_ham/1120.p27
Extension of file  .p28
REMOVING FILE  ./personal_image_ham/1120.p28
Extension of file  .p29
REMOVING FILE  ./personal_image_ham/1120.p29
Extension of file  .p30
REMOVING FILE  ./personal_image_ham/1120.p30
Extension of file  .p31
REMOVING FILE  ./personal_image_ham/1120.p31
Extension of file  .png
PNG FILE SPOTTED. NOT REMOVING IT
Extension of file  .jpg
REMOVING FILE  ./personal_image_ham/1b8c96e17e6e2871120c9279f4b2094d@dolphin.upenn.edu_hurricane_relief_event_palm_card.jpg
Extension of file  .tif
REMOVING FILE  ./personal_image_ham/6.1.1.1.0.20050912234218.02d11200@mail.med.upenn.edu_majesty_and_humility.tif
removing unwanted png files created from gifs ./personal_image_ham/1137.p01
1137
Extension of file  .p01
REMOVING FILE  ./personal_image_ham/1137.p01
Extension of file  .p02
REMOVING FILE  ./personal_image_ham/1137.p02
Extension of file  .p03
REMOVING FILE  ./personal_image_ham/1137.p03
Extension of file  .p04
REMOVING FILE  ./personal_image_ham/1137.p04
Extension of file  .p05
REMOVING FILE  ./personal_image_ham/1137.p05
Extension of file  .p06
REMOVING FILE  ./personal_image_ham/1137.p06
Extension of file  .p07
REMOVING FILE  ./personal_image_ham/1137.p07
Extension of file  .p08
REMOVING FILE  ./personal_image_ham/1137.p08
Extension of file  .p09
REMOVING FILE  ./personal_image_ham/1137.p09
Extension of file  .p10
REMOVING FILE  ./personal_image_ham/1137.p10
Extension of file  .png
PNG FILE SPOTTED. NOT REMOVING IT
removing unwanted png files created from gifs ./personal_image_ham/1139.emlx_adultcsuitani.p01
1139.emlx_adultcsuitani
Extension of file  .p01
REMOVING FILE  ./personal_image_ham/1139.emlx_adultcsuitani.p01
Extension of file  .p02
REMOVING FILE  ./personal_image_ham/1139.emlx_adultcsuitani.p02
Extension of file  .p03
REMOVING FILE  ./personal_image_ham/1139.emlx_adultcsuitani.p03
Extension of file  .png
PNG FILE SPOTTED. NOT REMOVING IT
removing unwanted png files created from gifs ./personal_image_ham/1145.p01
1145
Extension of file  .p01
REMOVING FILE  ./personal_image_ham/1145.p01
Extension of file  .p02
REMOVING FILE  ./personal_image_ham/1145.p02
Extension of file  .p03
REMOVING FILE  ./personal_image_ham/1145.p03
Extension of file  .p04
REMOVING FILE  ./personal_image_ham/1145.p04
Extension of file  .p05
REMOVING FILE  ./personal_image_ham/1145.p05
Extension of file  .p06
REMOVING FILE  ./personal_image_ham/1145.p06
Extension of file  .p07
REMOVING FILE  ./personal_image_ham/1145.p07
Extension of file  .p08
REMOVING FILE  ./personal_image_ham/1145.p08
Extension of file  .p09
REMOVING FILE  ./personal_image_ham/1145.p09
Extension of file  .p10
REMOVING FILE  ./personal_image_ham/1145.p10
Extension of file  .p11
REMOVING FILE  ./personal_image_ham/1145.p11
Extension of file  .p12
REMOVING FILE  ./personal_image_ham/1145.p12
Extension of file  .p13
REMOVING FILE  ./personal_image_ham/1145.p13
Extension of file  .p14
REMOVING FILE  ./personal_image_ham/1145.p14
Extension of file  .p15
REMOVING FILE  ./personal_image_ham/1145.p15
Extension of file  .p16
REMOVING FILE  ./personal_image_ham/1145.p16
Extension of file  .p17
REMOVING FILE  ./personal_image_ham/1145.p17
Extension of file  .p18
REMOVING FILE  ./personal_image_ham/1145.p18
Extension of file  .p19
REMOVING FILE  ./personal_image_ham/1145.p19
Extension of file  .p20
REMOVING FILE  ./personal_image_ham/1145.p20
Extension of file  .p21
REMOVING FILE  ./personal_image_ham/1145.p21
Extension of file  .p22
REMOVING FILE  ./personal_image_ham/1145.p22
Extension of file  .p23
REMOVING FILE  ./personal_image_ham/1145.p23
Extension of file  .p24
REMOVING FILE  ./personal_image_ham/1145.p24
Extension of file  .p25
REMOVING FILE  ./personal_image_ham/1145.p25
Extension of file  .p26
REMOVING FILE  ./personal_image_ham/1145.p26
Extension of file  .p27
REMOVING FILE  ./personal_image_ham/1145.p27
Extension of file  .p28
REMOVING FILE  ./personal_image_ham/1145.p28
Extension of file  .p29
REMOVING FILE  ./personal_image_ham/1145.p29
Extension of file  .p30
REMOVING FILE  ./personal_image_ham/1145.p30
Extension of file  .p31
REMOVING FILE  ./personal_image_ham/1145.p31
Extension of file  .p32
REMOVING FILE  ./personal_image_ham/1145.p32
Extension of file  .p33
REMOVING FILE  ./personal_image_ham/1145.p33
Extension of file  .p34
REMOVING FILE  ./personal_image_ham/1145.p34
Extension of file  .png
PNG FILE SPOTTED. NOT REMOVING IT
removing unwanted png files created from gifs ./personal_image_ham/1148.p01
1148
Extension of file  .p01
REMOVING FILE  ./personal_image_ham/1148.p01
Extension of file  .p02
REMOVING FILE  ./personal_image_ham/1148.p02
Extension of file  .p03
REMOVING FILE  ./personal_image_ham/1148.p03
Extension of file  .png
PNG FILE SPOTTED. NOT REMOVING IT
removing unwanted png files created from gifs ./personal_image_ham/1164.p01
1164
Extension of file  .p01
REMOVING FILE  ./personal_image_ham/1164.p01
Extension of file  .png
PNG FILE SPOTTED. NOT REMOVING IT
removing unwanted png files created from gifs ./personal_image_ham/1178.p01
1178
Extension of file  .p01
REMOVING FILE  ./personal_image_ham/1178.p01
Extension of file  .p02
REMOVING FILE  ./personal_image_ham/1178.p02
Extension of file  .p03
REMOVING FILE  ./personal_image_ham/1178.p03
Extension of file  .p04
REMOVING FILE  ./personal_image_ham/1178.p04
Extension of file  .p05
REMOVING FILE  ./personal_image_ham/1178.p05
Extension of file  .p06
REMOVING FILE  ./personal_image_ham/1178.p06
Extension of file  .p07
REMOVING FILE  ./personal_image_ham/1178.p07
Extension of file  .p08
REMOVING FILE  ./personal_image_ham/1178.p08
Extension of file  .p09
REMOVING FILE  ./personal_image_ham/1178.p09
Extension of file  .p10
REMOVING FILE  ./personal_image_ham/1178.p10
Extension of file  .p11
REMOVING FILE  ./personal_image_ham/1178.p11
Extension of file  .p12
REMOVING FILE  ./personal_image_ham/1178.p12
Extension of file  .p13
REMOVING FILE  ./personal_image_ham/1178.p13
Extension of file  .p14
REMOVING FILE  ./personal_image_ham/1178.p14
Extension of file  .p15
REMOVING FILE  ./personal_image_ham/1178.p15
Extension of file  .p16
REMOVING FILE  ./personal_image_ham/1178.p16
Extension of file  .p17
REMOVING FILE  ./personal_image_ham/1178.p17
Extension of file  .p18
REMOVING FILE  ./personal_image_ham/1178.p18
Extension of file  .p19
REMOVING FILE  ./personal_image_ham/1178.p19
Extension of file  .p20
REMOVING FILE  ./personal_image_ham/1178.p20
Extension of file  .p21
REMOVING FILE  ./personal_image_ham/1178.p21
Extension of file  .p22
REMOVING FILE  ./personal_image_ham/1178.p22
Extension of file  .p23
REMOVING FILE  ./personal_image_ham/1178.p23
Extension of file  .p24
REMOVING FILE  ./personal_image_ham/1178.p24
Extension of file  .p25
REMOVING FILE  ./personal_image_ham/1178.p25
Extension of file  .p26
REMOVING FILE  ./personal_image_ham/1178.p26
Extension of file  .p27
REMOVING FILE  ./personal_image_ham/1178.p27
Extension of file  .p28
REMOVING FILE  ./personal_image_ham/1178.p28
Extension of file  .p29
REMOVING FILE  ./personal_image_ham/1178.p29
Extension of file  .p30
REMOVING FILE  ./personal_image_ham/1178.p30
Extension of file  .p31
REMOVING FILE  ./personal_image_ham/1178.p31
Extension of file  .p32
REMOVING FILE  ./personal_image_ham/1178.p32
Extension of file  .p33
REMOVING FILE  ./personal_image_ham/1178.p33
Extension of file  .png
PNG FILE SPOTTED. NOT REMOVING IT
removing unwanted png files created from gifs ./personal_image_ham/1179.p01
1179
Extension of file  .p01
REMOVING FILE  ./personal_image_ham/1179.p01
Extension of file  .p02
REMOVING FILE  ./personal_image_ham/1179.p02
Extension of file  .p03
REMOVING FILE  ./personal_image_ham/1179.p03
Extension of file  .p04
REMOVING FILE  ./personal_image_ham/1179.p04
Extension of file  .p05
REMOVING FILE  ./personal_image_ham/1179.p05
Extension of file  .p06
REMOVING FILE  ./personal_image_ham/1179.p06
Extension of file  .p07
REMOVING FILE  ./personal_image_ham/1179.p07
Extension of file  .p08
REMOVING FILE  ./personal_image_ham/1179.p08
Extension of file  .p09
REMOVING FILE  ./personal_image_ham/1179.p09
Extension of file  .p10
REMOVING FILE  ./personal_image_ham/1179.p10
Extension of file  .p11
REMOVING FILE  ./personal_image_ham/1179.p11
Extension of file  .p12
REMOVING FILE  ./personal_image_ham/1179.p12
Extension of file  .p13
REMOVING FILE  ./personal_image_ham/1179.p13
Extension of file  .p14
REMOVING FILE  ./personal_image_ham/1179.p14
Extension of file  .p15
REMOVING FILE  ./personal_image_ham/1179.p15
Extension of file  .p16
REMOVING FILE  ./personal_image_ham/1179.p16
Extension of file  .p17
REMOVING FILE  ./personal_image_ham/1179.p17
Extension of file  .p18
REMOVING FILE  ./personal_image_ham/1179.p18
Extension of file  .p19
REMOVING FILE  ./personal_image_ham/1179.p19
Extension of file  .p20
REMOVING FILE  ./personal_image_ham/1179.p20
Extension of file  .p21
REMOVING FILE  ./personal_image_ham/1179.p21
Extension of file  .p22
REMOVING FILE  ./personal_image_ham/1179.p22
Extension of file  .p23
REMOVING FILE  ./personal_image_ham/1179.p23
Extension of file  .p24
REMOVING FILE  ./personal_image_ham/1179.p24
Extension of file  .p25
REMOVING FILE  ./personal_image_ham/1179.p25
Extension of file  .p26
REMOVING FILE  ./personal_image_ham/1179.p26
Extension of file  .p27
REMOVING FILE  ./personal_image_ham/1179.p27
Extension of file  .p28
REMOVING FILE  ./personal_image_ham/1179.p28
Extension of file  .p29
REMOVING FILE  ./personal_image_ham/1179.p29
Extension of file  .p30
REMOVING FILE  ./personal_image_ham/1179.p30
Extension of file  .p31
REMOVING FILE  ./personal_image_ham/1179.p31
Extension of file  .p32
REMOVING FILE  ./personal_image_ham/1179.p32
Extension of file  .p33
REMOVING FILE  ./personal_image_ham/1179.p33
Extension of file  .png
PNG FILE SPOTTED. NOT REMOVING IT
removing unwanted png files created from gifs ./personal_image_ham/1180.p01
1180
Extension of file  .p01
REMOVING FILE  ./personal_image_ham/1180.p01
Extension of file  .p02
REMOVING FILE  ./personal_image_ham/1180.p02
Extension of file  .p03
REMOVING FILE  ./personal_image_ham/1180.p03
Extension of file  .p04
REMOVING FILE  ./personal_image_ham/1180.p04
Extension of file  .p05
REMOVING FILE  ./personal_image_ham/1180.p05
Extension of file  .p06
REMOVING FILE  ./personal_image_ham/1180.p06
Extension of file  .p07
REMOVING FILE  ./personal_image_ham/1180.p07
Extension of file  .p08
REMOVING FILE  ./personal_image_ham/1180.p08
Extension of file  .p09
REMOVING FILE  ./personal_image_ham/1180.p09
Extension of file  .p10
REMOVING FILE  ./personal_image_ham/1180.p10
Extension of file  .p11
REMOVING FILE  ./personal_image_ham/1180.p11
Extension of file  .p12
REMOVING FILE  ./personal_image_ham/1180.p12
Extension of file  .p13
REMOVING FILE  ./personal_image_ham/1180.p13
Extension of file  .p14
REMOVING FILE  ./personal_image_ham/1180.p14
Extension of file  .p15
REMOVING FILE  ./personal_image_ham/1180.p15
Extension of file  .p16
REMOVING FILE  ./personal_image_ham/1180.p16
Extension of file  .p17
REMOVING FILE  ./personal_image_ham/1180.p17
Extension of file  .p18
REMOVING FILE  ./personal_image_ham/1180.p18
Extension of file  .p19
REMOVING FILE  ./personal_image_ham/1180.p19
Extension of file  .p20
REMOVING FILE  ./personal_image_ham/1180.p20
Extension of file  .p21
REMOVING FILE  ./personal_image_ham/1180.p21
Extension of file  .p22
REMOVING FILE  ./personal_image_ham/1180.p22
Extension of file  .p23
REMOVING FILE  ./personal_image_ham/1180.p23
Extension of file  .p24
REMOVING FILE  ./personal_image_ham/1180.p24
Extension of file  .p25
REMOVING FILE  ./personal_image_ham/1180.p25
Extension of file  .p26
REMOVING FILE  ./personal_image_ham/1180.p26
Extension of file  .p27
REMOVING FILE  ./personal_image_ham/1180.p27
Extension of file  .p28
REMOVING FILE  ./personal_image_ham/1180.p28
Extension of file  .p29
REMOVING FILE  ./personal_image_ham/1180.p29
Extension of file  .p30
REMOVING FILE  ./personal_image_ham/1180.p30
Extension of file  .p31
REMOVING FILE  ./personal_image_ham/1180.p31
Extension of file  .p32
REMOVING FILE  ./personal_image_ham/1180.p32
Extension of file  .p33
REMOVING FILE  ./personal_image_ham/1180.p33
Extension of file  .png
PNG FILE SPOTTED. NOT REMOVING IT
removing unwanted png files created from gifs ./personal_image_ham/1181.p01
1181
Extension of file  .jpg
REMOVING FILE  ./personal_image_ham/118166281170649767531_img_3350.jpg
Extension of file  .p01
REMOVING FILE  ./personal_image_ham/1181.p01
Extension of file  .p02
REMOVING FILE  ./personal_image_ham/1181.p02
Extension of file  .p03
REMOVING FILE  ./personal_image_ham/1181.p03
Extension of file  .p04
REMOVING FILE  ./personal_image_ham/1181.p04
Extension of file  .p05
REMOVING FILE  ./personal_image_ham/1181.p05
Extension of file  .p06
REMOVING FILE  ./personal_image_ham/1181.p06
Extension of file  .p07
REMOVING FILE  ./personal_image_ham/1181.p07
Extension of file  .p08
REMOVING FILE  ./personal_image_ham/1181.p08
Extension of file  .p09
REMOVING FILE  ./personal_image_ham/1181.p09
Extension of file  .p10
REMOVING FILE  ./personal_image_ham/1181.p10
Extension of file  .p11
REMOVING FILE  ./personal_image_ham/1181.p11
Extension of file  .p12
REMOVING FILE  ./personal_image_ham/1181.p12
Extension of file  .p13
REMOVING FILE  ./personal_image_ham/1181.p13
Extension of file  .p14
REMOVING FILE  ./personal_image_ham/1181.p14
Extension of file  .p15
REMOVING FILE  ./personal_image_ham/1181.p15
Extension of file  .p16
REMOVING FILE  ./personal_image_ham/1181.p16
Extension of file  .p17
REMOVING FILE  ./personal_image_ham/1181.p17
Extension of file  .p18
REMOVING FILE  ./personal_image_ham/1181.p18
Extension of file  .p19
REMOVING FILE  ./personal_image_ham/1181.p19
Extension of file  .p20
REMOVING FILE  ./personal_image_ham/1181.p20
Extension of file  .p21
REMOVING FILE  ./personal_image_ham/1181.p21
Extension of file  .p22
REMOVING FILE  ./personal_image_ham/1181.p22
Extension of file  .p23
REMOVING FILE  ./personal_image_ham/1181.p23
Extension of file  .p24
REMOVING FILE  ./personal_image_ham/1181.p24
Extension of file  .p25
REMOVING FILE  ./personal_image_ham/1181.p25
Extension of file  .p26
REMOVING FILE  ./personal_image_ham/1181.p26
Extension of file  .p27
REMOVING FILE  ./personal_image_ham/1181.p27
Extension of file  .p28
REMOVING FILE  ./personal_image_ham/1181.p28
Extension of file  .p29
REMOVING FILE  ./personal_image_ham/1181.p29
Extension of file  .p30
REMOVING FILE  ./personal_image_ham/1181.p30
Extension of file  .p31
REMOVING FILE  ./personal_image_ham/1181.p31
Extension of file  .p32
REMOVING FILE  ./personal_image_ham/1181.p32
Extension of file  .p33
REMOVING FILE  ./personal_image_ham/1181.p33
Extension of file  .p34
REMOVING FILE  ./personal_image_ham/1181.p34
Extension of file  .p35
REMOVING FILE  ./personal_image_ham/1181.p35
Extension of file  .p36
REMOVING FILE  ./personal_image_ham/1181.p36
Extension of file  .p37
REMOVING FILE  ./personal_image_ham/1181.p37
Extension of file  .p38
REMOVING FILE  ./personal_image_ham/1181.p38
Extension of file  .p39
REMOVING FILE  ./personal_image_ham/1181.p39
Extension of file  .png
PNG FILE SPOTTED. NOT REMOVING IT
removing unwanted png files created from gifs ./personal_image_ham/1182.p01
1182
Extension of file  .p01
REMOVING FILE  ./personal_image_ham/1182.p01
Extension of file  .p02
REMOVING FILE  ./personal_image_ham/1182.p02
Extension of file  .p03
REMOVING FILE  ./personal_image_ham/1182.p03
Extension of file  .p04
REMOVING FILE  ./personal_image_ham/1182.p04
Extension of file  .p05
REMOVING FILE  ./personal_image_ham/1182.p05
Extension of file  .p06
REMOVING FILE  ./personal_image_ham/1182.p06
Extension of file  .p07
REMOVING FILE  ./personal_image_ham/1182.p07
Extension of file  .p08
REMOVING FILE  ./personal_image_ham/1182.p08
Extension of file  .p09
REMOVING FILE  ./personal_image_ham/1182.p09
Extension of file  .p10
REMOVING FILE  ./personal_image_ham/1182.p10
Extension of file  .p11
REMOVING FILE  ./personal_image_ham/1182.p11
Extension of file  .p12
REMOVING FILE  ./personal_image_ham/1182.p12
Extension of file  .p13
REMOVING FILE  ./personal_image_ham/1182.p13
Extension of file  .p14
REMOVING FILE  ./personal_image_ham/1182.p14
Extension of file  .p15
REMOVING FILE  ./personal_image_ham/1182.p15
Extension of file  .p16
REMOVING FILE  ./personal_image_ham/1182.p16
Extension of file  .p17
REMOVING FILE  ./personal_image_ham/1182.p17
Extension of file  .p18
REMOVING FILE  ./personal_image_ham/1182.p18
Extension of file  .p19
REMOVING FILE  ./personal_image_ham/1182.p19
Extension of file  .p20
REMOVING FILE  ./personal_image_ham/1182.p20
Extension of file  .p21
REMOVING FILE  ./personal_image_ham/1182.p21
Extension of file  .p22
REMOVING FILE  ./personal_image_ham/1182.p22
Extension of file  .p23
REMOVING FILE  ./personal_image_ham/1182.p23
Extension of file  .p24
REMOVING FILE  ./personal_image_ham/1182.p24
Extension of file  .p25
REMOVING FILE  ./personal_image_ham/1182.p25
Extension of file  .p26
REMOVING FILE  ./personal_image_ham/1182.p26
Extension of file  .p27
REMOVING FILE  ./personal_image_ham/1182.p27
Extension of file  .p28
REMOVING FILE  ./personal_image_ham/1182.p28
Extension of file  .p29
REMOVING FILE  ./personal_image_ham/1182.p29
Extension of file  .p30
REMOVING FILE  ./personal_image_ham/1182.p30
Extension of file  .p31
REMOVING FILE  ./personal_image_ham/1182.p31
Extension of file  .p32
REMOVING FILE  ./personal_image_ham/1182.p32
Extension of file  .p33
REMOVING FILE  ./personal_image_ham/1182.p33
Extension of file  .png
PNG FILE SPOTTED. NOT REMOVING IT
removing unwanted png files created from gifs ./personal_image_ham/1190.p01
1190
Extension of file  .p01
REMOVING FILE  ./personal_image_ham/1190.p01
Extension of file  .p02
REMOVING FILE  ./personal_image_ham/1190.p02
Extension of file  .p03
REMOVING FILE  ./personal_image_ham/1190.p03
Extension of file  .p04
REMOVING FILE  ./personal_image_ham/1190.p04
Extension of file  .p05
REMOVING FILE  ./personal_image_ham/1190.p05
Extension of file  .p06
REMOVING FILE  ./personal_image_ham/1190.p06
Extension of file  .p07
REMOVING FILE  ./personal_image_ham/1190.p07
Extension of file  .p08
REMOVING FILE  ./personal_image_ham/1190.p08
Extension of file  .p09
REMOVING FILE  ./personal_image_ham/1190.p09
Extension of file  .p10
REMOVING FILE  ./personal_image_ham/1190.p10
Extension of file  .p11
REMOVING FILE  ./personal_image_ham/1190.p11
Extension of file  .p12
REMOVING FILE  ./personal_image_ham/1190.p12
Extension of file  .p13
REMOVING FILE  ./personal_image_ham/1190.p13
Extension of file  .p14
REMOVING FILE  ./personal_image_ham/1190.p14
Extension of file  .p15
REMOVING FILE  ./personal_image_ham/1190.p15
Extension of file  .p16
REMOVING FILE  ./personal_image_ham/1190.p16
Extension of file  .p17
REMOVING FILE  ./personal_image_ham/1190.p17
Extension of file  .p18
REMOVING FILE  ./personal_image_ham/1190.p18
Extension of file  .p19
REMOVING FILE  ./personal_image_ham/1190.p19
Extension of file  .p20
REMOVING FILE  ./personal_image_ham/1190.p20
Extension of file  .p21
REMOVING FILE  ./personal_image_ham/1190.p21
Extension of file  .p22
REMOVING FILE  ./personal_image_ham/1190.p22
Extension of file  .p23
REMOVING FILE  ./personal_image_ham/1190.p23
Extension of file  .p24
REMOVING FILE  ./personal_image_ham/1190.p24
Extension of file  .p25
REMOVING FILE  ./personal_image_ham/1190.p25
Extension of file  .p26
REMOVING FILE  ./personal_image_ham/1190.p26
Extension of file  .p27
REMOVING FILE  ./personal_image_ham/1190.p27
Extension of file  .p28
REMOVING FILE  ./personal_image_ham/1190.p28
Extension of file  .p29
REMOVING FILE  ./personal_image_ham/1190.p29
Extension of file  .p30
REMOVING FILE  ./personal_image_ham/1190.p30
Extension of file  .png
PNG FILE SPOTTED. NOT REMOVING IT
removing unwanted png files created from gifs ./personal_image_ham/1197.p01
1197
Extension of file  .p01
REMOVING FILE  ./personal_image_ham/1197.p01
Extension of file  .png
PNG FILE SPOTTED. NOT REMOVING IT
removing unwanted png files created from gifs ./personal_image_ham/1201.p01
1201
Extension of file  .jpg
REMOVING FILE  ./personal_image_ham/001201c6ac49$07890c50$27d16981@nufp.northwestern.edu_image001.jpg
Extension of file  .p01
REMOVING FILE  ./personal_image_ham/1201.p01
Extension of file  .p02
REMOVING FILE  ./personal_image_ham/1201.p02
Extension of file  .p03
REMOVING FILE  ./personal_image_ham/1201.p03
Extension of file  .p04
REMOVING FILE  ./personal_image_ham/1201.p04
Extension of file  .p05
REMOVING FILE  ./personal_image_ham/1201.p05
Extension of file  .p06
REMOVING FILE  ./personal_image_ham/1201.p06
Extension of file  .p07
REMOVING FILE  ./personal_image_ham/1201.p07
Extension of file  .p08
REMOVING FILE  ./personal_image_ham/1201.p08
Extension of file  .p09
REMOVING FILE  ./personal_image_ham/1201.p09
Extension of file  .p10
REMOVING FILE  ./personal_image_ham/1201.p10
Extension of file  .p11
REMOVING FILE  ./personal_image_ham/1201.p11
Extension of file  .p12
REMOVING FILE  ./personal_image_ham/1201.p12
Extension of file  .p13
REMOVING FILE  ./personal_image_ham/1201.p13
Extension of file  .png
PNG FILE SPOTTED. NOT REMOVING IT
removing unwanted png files created from gifs ./personal_image_ham/1267.p01
1267
Extension of file  .p01
REMOVING FILE  ./personal_image_ham/1267.p01
Extension of file  .p02
REMOVING FILE  ./personal_image_ham/1267.p02
Extension of file  .p03
REMOVING FILE  ./personal_image_ham/1267.p03
Extension of file  .p04
REMOVING FILE  ./personal_image_ham/1267.p04
Extension of file  .p05
REMOVING FILE  ./personal_image_ham/1267.p05
Extension of file  .p06
REMOVING FILE  ./personal_image_ham/1267.p06
Extension of file  .p07
REMOVING FILE  ./personal_image_ham/1267.p07
Extension of file  .p08
REMOVING FILE  ./personal_image_ham/1267.p08
Extension of file  .p09
REMOVING FILE  ./personal_image_ham/1267.p09
Extension of file  .p10
REMOVING FILE  ./personal_image_ham/1267.p10
Extension of file  .p11
REMOVING FILE  ./personal_image_ham/1267.p11
Extension of file  .p12
REMOVING FILE  ./personal_image_ham/1267.p12
Extension of file  .p13
REMOVING FILE  ./personal_image_ham/1267.p13
Extension of file  .p14
REMOVING FILE  ./personal_image_ham/1267.p14
Extension of file  .p15
REMOVING FILE  ./personal_image_ham/1267.p15
Extension of file  .p16
REMOVING FILE  ./personal_image_ham/1267.p16
Extension of file  .p17
REMOVING FILE  ./personal_image_ham/1267.p17
Extension of file  .p18
REMOVING FILE  ./personal_image_ham/1267.p18
Extension of file  .p19
REMOVING FILE  ./personal_image_ham/1267.p19
Extension of file  .p20
REMOVING FILE  ./personal_image_ham/1267.p20
Extension of file  .p21
REMOVING FILE  ./personal_image_ham/1267.p21
Extension of file  .p22
REMOVING FILE  ./personal_image_ham/1267.p22
Extension of file  .p23
REMOVING FILE  ./personal_image_ham/1267.p23
Extension of file  .p24
REMOVING FILE  ./personal_image_ham/1267.p24
Extension of file  .p25
REMOVING FILE  ./personal_image_ham/1267.p25
Extension of file  .p26
REMOVING FILE  ./personal_image_ham/1267.p26
Extension of file  .p27
REMOVING FILE  ./personal_image_ham/1267.p27
Extension of file  .p28
REMOVING FILE  ./personal_image_ham/1267.p28
Extension of file  .p29
REMOVING FILE  ./personal_image_ham/1267.p29
Extension of file  .p30
REMOVING FILE  ./personal_image_ham/1267.p30
Extension of file  .p31
REMOVING FILE  ./personal_image_ham/1267.p31
Extension of file  .p32
REMOVING FILE  ./personal_image_ham/1267.p32
Extension of file  .p33
REMOVING FILE  ./personal_image_ham/1267.p33
Extension of file  .p34
REMOVING FILE  ./personal_image_ham/1267.p34
Extension of file  .p35
REMOVING FILE  ./personal_image_ham/1267.p35
Extension of file  .p36
REMOVING FILE  ./personal_image_ham/1267.p36
Extension of file  .p37
REMOVING FILE  ./personal_image_ham/1267.p37
Extension of file  .p38
REMOVING FILE  ./personal_image_ham/1267.p38
Extension of file  .p39
REMOVING FILE  ./personal_image_ham/1267.p39
Extension of file  .p40
REMOVING FILE  ./personal_image_ham/1267.p40
Extension of file  .p41
REMOVING FILE  ./personal_image_ham/1267.p41
Extension of file  .p42
REMOVING FILE  ./personal_image_ham/1267.p42
Extension of file  .p43
REMOVING FILE  ./personal_image_ham/1267.p43
Extension of file  .p44
REMOVING FILE  ./personal_image_ham/1267.p44
Extension of file  .p45
REMOVING FILE  ./personal_image_ham/1267.p45
Extension of file  .p46
REMOVING FILE  ./personal_image_ham/1267.p46
Extension of file  .p47
REMOVING FILE  ./personal_image_ham/1267.p47
Extension of file  .p48
REMOVING FILE  ./personal_image_ham/1267.p48
Extension of file  .p49
REMOVING FILE  ./personal_image_ham/1267.p49
Extension of file  .p50
REMOVING FILE  ./personal_image_ham/1267.p50
Extension of file  .p51
REMOVING FILE  ./personal_image_ham/1267.p51
Extension of file  .p52
REMOVING FILE  ./personal_image_ham/1267.p52
Extension of file  .p53
REMOVING FILE  ./personal_image_ham/1267.p53
Extension of file  .png
PNG FILE SPOTTED. NOT REMOVING IT
removing unwanted png files created from gifs ./personal_image_ham/1275.p01
1275
Extension of file  .p01
REMOVING FILE  ./personal_image_ham/1275.p01
Extension of file  .p02
REMOVING FILE  ./personal_image_ham/1275.p02
Extension of file  .p03
REMOVING FILE  ./personal_image_ham/1275.p03
Extension of file  .p04
REMOVING FILE  ./personal_image_ham/1275.p04
Extension of file  .png
PNG FILE SPOTTED. NOT REMOVING IT
Extension of file  .jpg
REMOVING FILE  ./personal_image_ham/4451474D.7020707@seas.upenn.edu_img_1275.jpg
removing unwanted png files created from gifs ./personal_image_ham/1276.p01
1276
Extension of file  .p01
REMOVING FILE  ./personal_image_ham/1276.p01
Extension of file  .p02
REMOVING FILE  ./personal_image_ham/1276.p02
Extension of file  .p03
REMOVING FILE  ./personal_image_ham/1276.p03
Extension of file  .p04
REMOVING FILE  ./personal_image_ham/1276.p04
Extension of file  .p05
REMOVING FILE  ./personal_image_ham/1276.p05
Extension of file  .p06
REMOVING FILE  ./personal_image_ham/1276.p06
Extension of file  .p07
REMOVING FILE  ./personal_image_ham/1276.p07
Extension of file  .png
PNG FILE SPOTTED. NOT REMOVING IT
Extension of file  .jpg
REMOVING FILE  ./personal_image_ham/4451474D.7020707@seas.upenn.edu_img_1276.jpg
removing unwanted png files created from gifs ./personal_image_ham/1277.p01
1277
Extension of file  .p01
REMOVING FILE  ./personal_image_ham/1277.p01
Extension of file  .p02
REMOVING FILE  ./personal_image_ham/1277.p02
Extension of file  .p03
REMOVING FILE  ./personal_image_ham/1277.p03
Extension of file  .p04
REMOVING FILE  ./personal_image_ham/1277.p04
Extension of file  .p05
REMOVING FILE  ./personal_image_ham/1277.p05
Extension of file  .png
PNG FILE SPOTTED. NOT REMOVING IT
Extension of file  .jpg
REMOVING FILE  ./personal_image_ham/4451474D.7020707@seas.upenn.edu_img_1277.jpg
removing unwanted png files created from gifs ./personal_image_ham/1278.p01
1278
Extension of file  .p01
REMOVING FILE  ./personal_image_ham/1278.p01
Extension of file  .png
PNG FILE SPOTTED. NOT REMOVING IT
removing unwanted png files created from gifs ./personal_image_ham/1279.p01
1279
Extension of file  .p01
REMOVING FILE  ./personal_image_ham/1279.p01
Extension of file  .png
PNG FILE SPOTTED. NOT REMOVING IT
removing unwanted png files created from gifs ./personal_image_ham/200603080356.k283udls025657@empathy.seas.upenn.edu_image001.p01
200603080356.k283udls025657@empathy.seas.upenn.edu_image001
Extension of file  .p01
REMOVING FILE  ./personal_image_ham/200603080356.k283udls025657@empathy.seas.upenn.edu_image001.p01
Extension of file  .png
PNG FILE SPOTTED. NOT REMOVING IT
removing unwanted png files created from gifs ./personal_image_ham/200603080408.k2848Oj5011505@psychopathy.seas.upenn.edu_image001.p01
200603080408.k2848Oj5011505@psychopathy.seas.upenn.edu_image001
Extension of file  .p01
REMOVING FILE  ./personal_image_ham/200603080408.k2848Oj5011505@psychopathy.seas.upenn.edu_image001.p01
Extension of file  .png
PNG FILE SPOTTED. NOT REMOVING IT
removing unwanted png files created from gifs ./personal_image_ham/3323.emlx_image001.p01
3323.emlx_image001
Extension of file  .p01
REMOVING FILE  ./personal_image_ham/3323.emlx_image001.p01
Extension of file  .p02
REMOVING FILE  ./personal_image_ham/3323.emlx_image001.p02
Extension of file  .p03
REMOVING FILE  ./personal_image_ham/3323.emlx_image001.p03
Extension of file  .p04
REMOVING FILE  ./personal_image_ham/3323.emlx_image001.p04
Extension of file  .p05
REMOVING FILE  ./personal_image_ham/3323.emlx_image001.p05
Extension of file  .p06
REMOVING FILE  ./personal_image_ham/3323.emlx_image001.p06
Extension of file  .p07
REMOVING FILE  ./personal_image_ham/3323.emlx_image001.p07
Extension of file  .p08
REMOVING FILE  ./personal_image_ham/3323.emlx_image001.p08
Extension of file  .p09
REMOVING FILE  ./personal_image_ham/3323.emlx_image001.p09
Extension of file  .p10
REMOVING FILE  ./personal_image_ham/3323.emlx_image001.p10
Extension of file  .png
PNG FILE SPOTTED. NOT REMOVING IT
removing unwanted png files created from gifs ./personal_image_ham/55ac1u$86grb8@smtp01.lnh.mail.rcn.net_image001.png
55ac1u$86grb8@smtp01.lnh.mail.rcn.net_image001
Extension of file  .png
PNG FILE SPOTTED. NOT REMOVING IT
removing unwanted png files created from gifs ./personal_image_ham/BAY104-F159E0DA4B2E8C40E8169785FC0@phx.gbl_image001.p01
BAY104-F159E0DA4B2E8C40E8169785FC0@phx.gbl_image001
Extension of file  .p01
REMOVING FILE  ./personal_image_ham/BAY104-F159E0DA4B2E8C40E8169785FC0@phx.gbl_image001.p01
Extension of file  .p02
REMOVING FILE  ./personal_image_ham/BAY104-F159E0DA4B2E8C40E8169785FC0@phx.gbl_image001.p02
Extension of file  .p03
REMOVING FILE  ./personal_image_ham/BAY104-F159E0DA4B2E8C40E8169785FC0@phx.gbl_image001.p03
Extension of file  .p04
REMOVING FILE  ./personal_image_ham/BAY104-F159E0DA4B2E8C40E8169785FC0@phx.gbl_image001.p04
Extension of file  .p05
REMOVING FILE  ./personal_image_ham/BAY104-F159E0DA4B2E8C40E8169785FC0@phx.gbl_image001.p05
Extension of file  .p06
REMOVING FILE  ./personal_image_ham/BAY104-F159E0DA4B2E8C40E8169785FC0@phx.gbl_image001.p06
Extension of file  .p07
REMOVING FILE  ./personal_image_ham/BAY104-F159E0DA4B2E8C40E8169785FC0@phx.gbl_image001.p07
Extension of file  .p08
REMOVING FILE  ./personal_image_ham/BAY104-F159E0DA4B2E8C40E8169785FC0@phx.gbl_image001.p08
Extension of file  .p09
REMOVING FILE  ./personal_image_ham/BAY104-F159E0DA4B2E8C40E8169785FC0@phx.gbl_image001.p09
Extension of file  .p10
REMOVING FILE  ./personal_image_ham/BAY104-F159E0DA4B2E8C40E8169785FC0@phx.gbl_image001.p10
Extension of file  .p11
REMOVING FILE  ./personal_image_ham/BAY104-F159E0DA4B2E8C40E8169785FC0@phx.gbl_image001.p11
Extension of file  .p12
REMOVING FILE  ./personal_image_ham/BAY104-F159E0DA4B2E8C40E8169785FC0@phx.gbl_image001.p12
Extension of file  .p13
REMOVING FILE  ./personal_image_ham/BAY104-F159E0DA4B2E8C40E8169785FC0@phx.gbl_image001.p13
Extension of file  .p14
REMOVING FILE  ./personal_image_ham/BAY104-F159E0DA4B2E8C40E8169785FC0@phx.gbl_image001.p14
Extension of file  .p15
REMOVING FILE  ./personal_image_ham/BAY104-F159E0DA4B2E8C40E8169785FC0@phx.gbl_image001.p15
Extension of file  .p16
REMOVING FILE  ./personal_image_ham/BAY104-F159E0DA4B2E8C40E8169785FC0@phx.gbl_image001.p16
Extension of file  .p17
REMOVING FILE  ./personal_image_ham/BAY104-F159E0DA4B2E8C40E8169785FC0@phx.gbl_image001.p17
Extension of file  .p18
REMOVING FILE  ./personal_image_ham/BAY104-F159E0DA4B2E8C40E8169785FC0@phx.gbl_image001.p18
Extension of file  .p19
REMOVING FILE  ./personal_image_ham/BAY104-F159E0DA4B2E8C40E8169785FC0@phx.gbl_image001.p19
Extension of file  .p20
REMOVING FILE  ./personal_image_ham/BAY104-F159E0DA4B2E8C40E8169785FC0@phx.gbl_image001.p20
Extension of file  .p21
REMOVING FILE  ./personal_image_ham/BAY104-F159E0DA4B2E8C40E8169785FC0@phx.gbl_image001.p21
Extension of file  .p22
REMOVING FILE  ./personal_image_ham/BAY104-F159E0DA4B2E8C40E8169785FC0@phx.gbl_image001.p22
Extension of file  .p23
REMOVING FILE  ./personal_image_ham/BAY104-F159E0DA4B2E8C40E8169785FC0@phx.gbl_image001.p23
Extension of file  .p24
REMOVING FILE  ./personal_image_ham/BAY104-F159E0DA4B2E8C40E8169785FC0@phx.gbl_image001.p24
Extension of file  .p25
REMOVING FILE  ./personal_image_ham/BAY104-F159E0DA4B2E8C40E8169785FC0@phx.gbl_image001.p25
Extension of file  .p26
REMOVING FILE  ./personal_image_ham/BAY104-F159E0DA4B2E8C40E8169785FC0@phx.gbl_image001.p26
Extension of file  .p27
REMOVING FILE  ./personal_image_ham/BAY104-F159E0DA4B2E8C40E8169785FC0@phx.gbl_image001.p27
Extension of file  .png
PNG FILE SPOTTED. NOT REMOVING IT
removing unwanted png files created from gifs ./personal_image_ham/BAY104-F159E0DA4B2E8C40E8169785FC0@phx.gbl_image002.p01
BAY104-F159E0DA4B2E8C40E8169785FC0@phx.gbl_image002
Extension of file  .p01
REMOVING FILE  ./personal_image_ham/BAY104-F159E0DA4B2E8C40E8169785FC0@phx.gbl_image002.p01
Extension of file  .p02
REMOVING FILE  ./personal_image_ham/BAY104-F159E0DA4B2E8C40E8169785FC0@phx.gbl_image002.p02
Extension of file  .p03
REMOVING FILE  ./personal_image_ham/BAY104-F159E0DA4B2E8C40E8169785FC0@phx.gbl_image002.p03
Extension of file  .p04
REMOVING FILE  ./personal_image_ham/BAY104-F159E0DA4B2E8C40E8169785FC0@phx.gbl_image002.p04
Extension of file  .p05
REMOVING FILE  ./personal_image_ham/BAY104-F159E0DA4B2E8C40E8169785FC0@phx.gbl_image002.p05
Extension of file  .p06
REMOVING FILE  ./personal_image_ham/BAY104-F159E0DA4B2E8C40E8169785FC0@phx.gbl_image002.p06
Extension of file  .p07
REMOVING FILE  ./personal_image_ham/BAY104-F159E0DA4B2E8C40E8169785FC0@phx.gbl_image002.p07
Extension of file  .p08
REMOVING FILE  ./personal_image_ham/BAY104-F159E0DA4B2E8C40E8169785FC0@phx.gbl_image002.p08
Extension of file  .p09
REMOVING FILE  ./personal_image_ham/BAY104-F159E0DA4B2E8C40E8169785FC0@phx.gbl_image002.p09
Extension of file  .p10
REMOVING FILE  ./personal_image_ham/BAY104-F159E0DA4B2E8C40E8169785FC0@phx.gbl_image002.p10
Extension of file  .p11
REMOVING FILE  ./personal_image_ham/BAY104-F159E0DA4B2E8C40E8169785FC0@phx.gbl_image002.p11
Extension of file  .p12
REMOVING FILE  ./personal_image_ham/BAY104-F159E0DA4B2E8C40E8169785FC0@phx.gbl_image002.p12
Extension of file  .png
PNG FILE SPOTTED. NOT REMOVING IT
removing unwanted png files created from gifs ./personal_image_ham/BAY104-F159E0DA4B2E8C40E8169785FC0@phx.gbl_image003.p01
BAY104-F159E0DA4B2E8C40E8169785FC0@phx.gbl_image003
Extension of file  .p01
REMOVING FILE  ./personal_image_ham/BAY104-F159E0DA4B2E8C40E8169785FC0@phx.gbl_image003.p01
Extension of file  .p02
REMOVING FILE  ./personal_image_ham/BAY104-F159E0DA4B2E8C40E8169785FC0@phx.gbl_image003.p02
Extension of file  .p03
REMOVING FILE  ./personal_image_ham/BAY104-F159E0DA4B2E8C40E8169785FC0@phx.gbl_image003.p03
Extension of file  .p04
REMOVING FILE  ./personal_image_ham/BAY104-F159E0DA4B2E8C40E8169785FC0@phx.gbl_image003.p04
Extension of file  .p05
REMOVING FILE  ./personal_image_ham/BAY104-F159E0DA4B2E8C40E8169785FC0@phx.gbl_image003.p05
Extension of file  .p06
REMOVING FILE  ./personal_image_ham/BAY104-F159E0DA4B2E8C40E8169785FC0@phx.gbl_image003.p06
Extension of file  .p07
REMOVING FILE  ./personal_image_ham/BAY104-F159E0DA4B2E8C40E8169785FC0@phx.gbl_image003.p07
Extension of file  .p08
REMOVING FILE  ./personal_image_ham/BAY104-F159E0DA4B2E8C40E8169785FC0@phx.gbl_image003.p08
Extension of file  .p09
REMOVING FILE  ./personal_image_ham/BAY104-F159E0DA4B2E8C40E8169785FC0@phx.gbl_image003.p09
Extension of file  .p10
REMOVING FILE  ./personal_image_ham/BAY104-F159E0DA4B2E8C40E8169785FC0@phx.gbl_image003.p10
Extension of file  .p11
REMOVING FILE  ./personal_image_ham/BAY104-F159E0DA4B2E8C40E8169785FC0@phx.gbl_image003.p11
Extension of file  .png
PNG FILE SPOTTED. NOT REMOVING IT
removing unwanted png files created from gifs ./personal_image_ham/BAY104-F159E0DA4B2E8C40E8169785FC0@phx.gbl_image004.p01
BAY104-F159E0DA4B2E8C40E8169785FC0@phx.gbl_image004
Extension of file  .p01
REMOVING FILE  ./personal_image_ham/BAY104-F159E0DA4B2E8C40E8169785FC0@phx.gbl_image004.p01
Extension of file  .p02
REMOVING FILE  ./personal_image_ham/BAY104-F159E0DA4B2E8C40E8169785FC0@phx.gbl_image004.p02
Extension of file  .p03
REMOVING FILE  ./personal_image_ham/BAY104-F159E0DA4B2E8C40E8169785FC0@phx.gbl_image004.p03
Extension of file  .p04
REMOVING FILE  ./personal_image_ham/BAY104-F159E0DA4B2E8C40E8169785FC0@phx.gbl_image004.p04
Extension of file  .p05
REMOVING FILE  ./personal_image_ham/BAY104-F159E0DA4B2E8C40E8169785FC0@phx.gbl_image004.p05
Extension of file  .p06
REMOVING FILE  ./personal_image_ham/BAY104-F159E0DA4B2E8C40E8169785FC0@phx.gbl_image004.p06
Extension of file  .p07
REMOVING FILE  ./personal_image_ham/BAY104-F159E0DA4B2E8C40E8169785FC0@phx.gbl_image004.p07
Extension of file  .p08
REMOVING FILE  ./personal_image_ham/BAY104-F159E0DA4B2E8C40E8169785FC0@phx.gbl_image004.p08
Extension of file  .p09
REMOVING FILE  ./personal_image_ham/BAY104-F159E0DA4B2E8C40E8169785FC0@phx.gbl_image004.p09
Extension of file  .p10
REMOVING FILE  ./personal_image_ham/BAY104-F159E0DA4B2E8C40E8169785FC0@phx.gbl_image004.p10
Extension of file  .p11
REMOVING FILE  ./personal_image_ham/BAY104-F159E0DA4B2E8C40E8169785FC0@phx.gbl_image004.p11
Extension of file  .png
PNG FILE SPOTTED. NOT REMOVING IT
removing unwanted png files created from gifs ./personal_image_ham/BAY104-F159E0DA4B2E8C40E8169785FC0@phx.gbl_image005.p01
BAY104-F159E0DA4B2E8C40E8169785FC0@phx.gbl_image005
Extension of file  .p01
REMOVING FILE  ./personal_image_ham/BAY104-F159E0DA4B2E8C40E8169785FC0@phx.gbl_image005.p01
Extension of file  .p02
REMOVING FILE  ./personal_image_ham/BAY104-F159E0DA4B2E8C40E8169785FC0@phx.gbl_image005.p02
Extension of file  .p03
REMOVING FILE  ./personal_image_ham/BAY104-F159E0DA4B2E8C40E8169785FC0@phx.gbl_image005.p03
Extension of file  .p04
REMOVING FILE  ./personal_image_ham/BAY104-F159E0DA4B2E8C40E8169785FC0@phx.gbl_image005.p04
Extension of file  .p05
REMOVING FILE  ./personal_image_ham/BAY104-F159E0DA4B2E8C40E8169785FC0@phx.gbl_image005.p05
Extension of file  .p06
REMOVING FILE  ./personal_image_ham/BAY104-F159E0DA4B2E8C40E8169785FC0@phx.gbl_image005.p06
Extension of file  .p07
REMOVING FILE  ./personal_image_ham/BAY104-F159E0DA4B2E8C40E8169785FC0@phx.gbl_image005.p07
Extension of file  .p08
REMOVING FILE  ./personal_image_ham/BAY104-F159E0DA4B2E8C40E8169785FC0@phx.gbl_image005.p08
Extension of file  .p09
REMOVING FILE  ./personal_image_ham/BAY104-F159E0DA4B2E8C40E8169785FC0@phx.gbl_image005.p09
Extension of file  .p10
REMOVING FILE  ./personal_image_ham/BAY104-F159E0DA4B2E8C40E8169785FC0@phx.gbl_image005.p10
Extension of file  .p11
REMOVING FILE  ./personal_image_ham/BAY104-F159E0DA4B2E8C40E8169785FC0@phx.gbl_image005.p11
Extension of file  .p12
REMOVING FILE  ./personal_image_ham/BAY104-F159E0DA4B2E8C40E8169785FC0@phx.gbl_image005.p12
Extension of file  .png
PNG FILE SPOTTED. NOT REMOVING IT
removing unwanted png files created from gifs ./personal_image_ham/BAY104-F159E0DA4B2E8C40E8169785FC0@phx.gbl_image006.p01
BAY104-F159E0DA4B2E8C40E8169785FC0@phx.gbl_image006
Extension of file  .p01
REMOVING FILE  ./personal_image_ham/BAY104-F159E0DA4B2E8C40E8169785FC0@phx.gbl_image006.p01
Extension of file  .p02
REMOVING FILE  ./personal_image_ham/BAY104-F159E0DA4B2E8C40E8169785FC0@phx.gbl_image006.p02
Extension of file  .p03
REMOVING FILE  ./personal_image_ham/BAY104-F159E0DA4B2E8C40E8169785FC0@phx.gbl_image006.p03
Extension of file  .p04
REMOVING FILE  ./personal_image_ham/BAY104-F159E0DA4B2E8C40E8169785FC0@phx.gbl_image006.p04
Extension of file  .p05
REMOVING FILE  ./personal_image_ham/BAY104-F159E0DA4B2E8C40E8169785FC0@phx.gbl_image006.p05
Extension of file  .p06
REMOVING FILE  ./personal_image_ham/BAY104-F159E0DA4B2E8C40E8169785FC0@phx.gbl_image006.p06
Extension of file  .p07
REMOVING FILE  ./personal_image_ham/BAY104-F159E0DA4B2E8C40E8169785FC0@phx.gbl_image006.p07
Extension of file  .p08
REMOVING FILE  ./personal_image_ham/BAY104-F159E0DA4B2E8C40E8169785FC0@phx.gbl_image006.p08
Extension of file  .p09
REMOVING FILE  ./personal_image_ham/BAY104-F159E0DA4B2E8C40E8169785FC0@phx.gbl_image006.p09
Extension of file  .p10
REMOVING FILE  ./personal_image_ham/BAY104-F159E0DA4B2E8C40E8169785FC0@phx.gbl_image006.p10
Extension of file  .p11
REMOVING FILE  ./personal_image_ham/BAY104-F159E0DA4B2E8C40E8169785FC0@phx.gbl_image006.p11
Extension of file  .p12
REMOVING FILE  ./personal_image_ham/BAY104-F159E0DA4B2E8C40E8169785FC0@phx.gbl_image006.p12
Extension of file  .p13
REMOVING FILE  ./personal_image_ham/BAY104-F159E0DA4B2E8C40E8169785FC0@phx.gbl_image006.p13
Extension of file  .p14
REMOVING FILE  ./personal_image_ham/BAY104-F159E0DA4B2E8C40E8169785FC0@phx.gbl_image006.p14
Extension of file  .png
PNG FILE SPOTTED. NOT REMOVING IT
removing unwanted png files created from gifs ./personal_image_ham/BAY104-F17AA588FBC505EB949489585A20@phx.gbl_image002.p01
BAY104-F17AA588FBC505EB949489585A20@phx.gbl_image002
Extension of file  .p01
REMOVING FILE  ./personal_image_ham/BAY104-F17AA588FBC505EB949489585A20@phx.gbl_image002.p01
Extension of file  .p02
REMOVING FILE  ./personal_image_ham/BAY104-F17AA588FBC505EB949489585A20@phx.gbl_image002.p02
Extension of file  .p03
REMOVING FILE  ./personal_image_ham/BAY104-F17AA588FBC505EB949489585A20@phx.gbl_image002.p03
Extension of file  .p04
REMOVING FILE  ./personal_image_ham/BAY104-F17AA588FBC505EB949489585A20@phx.gbl_image002.p04
Extension of file  .p05
REMOVING FILE  ./personal_image_ham/BAY104-F17AA588FBC505EB949489585A20@phx.gbl_image002.p05
Extension of file  .p06
REMOVING FILE  ./personal_image_ham/BAY104-F17AA588FBC505EB949489585A20@phx.gbl_image002.p06
Extension of file  .p07
REMOVING FILE  ./personal_image_ham/BAY104-F17AA588FBC505EB949489585A20@phx.gbl_image002.p07
Extension of file  .p08
REMOVING FILE  ./personal_image_ham/BAY104-F17AA588FBC505EB949489585A20@phx.gbl_image002.p08
Extension of file  .p09
REMOVING FILE  ./personal_image_ham/BAY104-F17AA588FBC505EB949489585A20@phx.gbl_image002.p09
Extension of file  .p10
REMOVING FILE  ./personal_image_ham/BAY104-F17AA588FBC505EB949489585A20@phx.gbl_image002.p10
Extension of file  .p11
REMOVING FILE  ./personal_image_ham/BAY104-F17AA588FBC505EB949489585A20@phx.gbl_image002.p11
Extension of file  .p12
REMOVING FILE  ./personal_image_ham/BAY104-F17AA588FBC505EB949489585A20@phx.gbl_image002.p12
Extension of file  .png
PNG FILE SPOTTED. NOT REMOVING IT
removing unwanted png files created from gifs ./personal_image_ham/BAY104-F17AA588FBC505EB949489585A20@phx.gbl_image003.p01
BAY104-F17AA588FBC505EB949489585A20@phx.gbl_image003
Extension of file  .p01
REMOVING FILE  ./personal_image_ham/BAY104-F17AA588FBC505EB949489585A20@phx.gbl_image003.p01
Extension of file  .p02
REMOVING FILE  ./personal_image_ham/BAY104-F17AA588FBC505EB949489585A20@phx.gbl_image003.p02
Extension of file  .p03
REMOVING FILE  ./personal_image_ham/BAY104-F17AA588FBC505EB949489585A20@phx.gbl_image003.p03
Extension of file  .p04
REMOVING FILE  ./personal_image_ham/BAY104-F17AA588FBC505EB949489585A20@phx.gbl_image003.p04
Extension of file  .p05
REMOVING FILE  ./personal_image_ham/BAY104-F17AA588FBC505EB949489585A20@phx.gbl_image003.p05
Extension of file  .p06
REMOVING FILE  ./personal_image_ham/BAY104-F17AA588FBC505EB949489585A20@phx.gbl_image003.p06
Extension of file  .p07
REMOVING FILE  ./personal_image_ham/BAY104-F17AA588FBC505EB949489585A20@phx.gbl_image003.p07
Extension of file  .png
PNG FILE SPOTTED. NOT REMOVING IT
removing unwanted png files created from gifs ./personal_image_ham/BAY104-F17AA588FBC505EB949489585A20@phx.gbl_image005.p01
BAY104-F17AA588FBC505EB949489585A20@phx.gbl_image005
Extension of file  .p01
REMOVING FILE  ./personal_image_ham/BAY104-F17AA588FBC505EB949489585A20@phx.gbl_image005.p01
Extension of file  .p02
REMOVING FILE  ./personal_image_ham/BAY104-F17AA588FBC505EB949489585A20@phx.gbl_image005.p02
Extension of file  .p03
REMOVING FILE  ./personal_image_ham/BAY104-F17AA588FBC505EB949489585A20@phx.gbl_image005.p03
Extension of file  .p04
REMOVING FILE  ./personal_image_ham/BAY104-F17AA588FBC505EB949489585A20@phx.gbl_image005.p04
Extension of file  .p05
REMOVING FILE  ./personal_image_ham/BAY104-F17AA588FBC505EB949489585A20@phx.gbl_image005.p05
Extension of file  .p06
REMOVING FILE  ./personal_image_ham/BAY104-F17AA588FBC505EB949489585A20@phx.gbl_image005.p06
Extension of file  .p07
REMOVING FILE  ./personal_image_ham/BAY104-F17AA588FBC505EB949489585A20@phx.gbl_image005.p07
Extension of file  .p08
REMOVING FILE  ./personal_image_ham/BAY104-F17AA588FBC505EB949489585A20@phx.gbl_image005.p08
Extension of file  .p09
REMOVING FILE  ./personal_image_ham/BAY104-F17AA588FBC505EB949489585A20@phx.gbl_image005.p09
Extension of file  .p10
REMOVING FILE  ./personal_image_ham/BAY104-F17AA588FBC505EB949489585A20@phx.gbl_image005.p10
Extension of file  .png
PNG FILE SPOTTED. NOT REMOVING IT
removing unwanted png files created from gifs ./personal_image_ham/BAY104-F17AA588FBC505EB949489585A20@phx.gbl_image006.p01
BAY104-F17AA588FBC505EB949489585A20@phx.gbl_image006
Extension of file  .p01
REMOVING FILE  ./personal_image_ham/BAY104-F17AA588FBC505EB949489585A20@phx.gbl_image006.p01
Extension of file  .p02
REMOVING FILE  ./personal_image_ham/BAY104-F17AA588FBC505EB949489585A20@phx.gbl_image006.p02
Extension of file  .p03
REMOVING FILE  ./personal_image_ham/BAY104-F17AA588FBC505EB949489585A20@phx.gbl_image006.p03
Extension of file  .p04
REMOVING FILE  ./personal_image_ham/BAY104-F17AA588FBC505EB949489585A20@phx.gbl_image006.p04
Extension of file  .p05
REMOVING FILE  ./personal_image_ham/BAY104-F17AA588FBC505EB949489585A20@phx.gbl_image006.p05
Extension of file  .p06
REMOVING FILE  ./personal_image_ham/BAY104-F17AA588FBC505EB949489585A20@phx.gbl_image006.p06
Extension of file  .p07
REMOVING FILE  ./personal_image_ham/BAY104-F17AA588FBC505EB949489585A20@phx.gbl_image006.p07
Extension of file  .p08
REMOVING FILE  ./personal_image_ham/BAY104-F17AA588FBC505EB949489585A20@phx.gbl_image006.p08
Extension of file  .p09
REMOVING FILE  ./personal_image_ham/BAY104-F17AA588FBC505EB949489585A20@phx.gbl_image006.p09
Extension of file  .p10
REMOVING FILE  ./personal_image_ham/BAY104-F17AA588FBC505EB949489585A20@phx.gbl_image006.p10
Extension of file  .p11
REMOVING FILE  ./personal_image_ham/BAY104-F17AA588FBC505EB949489585A20@phx.gbl_image006.p11
Extension of file  .p12
REMOVING FILE  ./personal_image_ham/BAY104-F17AA588FBC505EB949489585A20@phx.gbl_image006.p12
Extension of file  .p13
REMOVING FILE  ./personal_image_ham/BAY104-F17AA588FBC505EB949489585A20@phx.gbl_image006.p13
Extension of file  .p14
REMOVING FILE  ./personal_image_ham/BAY104-F17AA588FBC505EB949489585A20@phx.gbl_image006.p14
Extension of file  .png
PNG FILE SPOTTED. NOT REMOVING IT
removing unwanted png files created from gifs ./personal_image_ham/BAY104-F29B6F03F6B492EA8BB061785DA0@phx.gbl_image001.p01
BAY104-F29B6F03F6B492EA8BB061785DA0@phx.gbl_image001
Extension of file  .p01
REMOVING FILE  ./personal_image_ham/BAY104-F29B6F03F6B492EA8BB061785DA0@phx.gbl_image001.p01
Extension of file  .p02
REMOVING FILE  ./personal_image_ham/BAY104-F29B6F03F6B492EA8BB061785DA0@phx.gbl_image001.p02
Extension of file  .p03
REMOVING FILE  ./personal_image_ham/BAY104-F29B6F03F6B492EA8BB061785DA0@phx.gbl_image001.p03
Extension of file  .p04
REMOVING FILE  ./personal_image_ham/BAY104-F29B6F03F6B492EA8BB061785DA0@phx.gbl_image001.p04
Extension of file  .p05
REMOVING FILE  ./personal_image_ham/BAY104-F29B6F03F6B492EA8BB061785DA0@phx.gbl_image001.p05
Extension of file  .p06
REMOVING FILE  ./personal_image_ham/BAY104-F29B6F03F6B492EA8BB061785DA0@phx.gbl_image001.p06
Extension of file  .p07
REMOVING FILE  ./personal_image_ham/BAY104-F29B6F03F6B492EA8BB061785DA0@phx.gbl_image001.p07
Extension of file  .p08
REMOVING FILE  ./personal_image_ham/BAY104-F29B6F03F6B492EA8BB061785DA0@phx.gbl_image001.p08
Extension of file  .p09
REMOVING FILE  ./personal_image_ham/BAY104-F29B6F03F6B492EA8BB061785DA0@phx.gbl_image001.p09
Extension of file  .p10
REMOVING FILE  ./personal_image_ham/BAY104-F29B6F03F6B492EA8BB061785DA0@phx.gbl_image001.p10
Extension of file  .p11
REMOVING FILE  ./personal_image_ham/BAY104-F29B6F03F6B492EA8BB061785DA0@phx.gbl_image001.p11
Extension of file  .p12
REMOVING FILE  ./personal_image_ham/BAY104-F29B6F03F6B492EA8BB061785DA0@phx.gbl_image001.p12
Extension of file  .p13
REMOVING FILE  ./personal_image_ham/BAY104-F29B6F03F6B492EA8BB061785DA0@phx.gbl_image001.p13
Extension of file  .p14
REMOVING FILE  ./personal_image_ham/BAY104-F29B6F03F6B492EA8BB061785DA0@phx.gbl_image001.p14
Extension of file  .p15
REMOVING FILE  ./personal_image_ham/BAY104-F29B6F03F6B492EA8BB061785DA0@phx.gbl_image001.p15
Extension of file  .p16
REMOVING FILE  ./personal_image_ham/BAY104-F29B6F03F6B492EA8BB061785DA0@phx.gbl_image001.p16
Extension of file  .p17
REMOVING FILE  ./personal_image_ham/BAY104-F29B6F03F6B492EA8BB061785DA0@phx.gbl_image001.p17
Extension of file  .p18
REMOVING FILE  ./personal_image_ham/BAY104-F29B6F03F6B492EA8BB061785DA0@phx.gbl_image001.p18
Extension of file  .p19
REMOVING FILE  ./personal_image_ham/BAY104-F29B6F03F6B492EA8BB061785DA0@phx.gbl_image001.p19
Extension of file  .p20
REMOVING FILE  ./personal_image_ham/BAY104-F29B6F03F6B492EA8BB061785DA0@phx.gbl_image001.p20
Extension of file  .p21
REMOVING FILE  ./personal_image_ham/BAY104-F29B6F03F6B492EA8BB061785DA0@phx.gbl_image001.p21
Extension of file  .p22
REMOVING FILE  ./personal_image_ham/BAY104-F29B6F03F6B492EA8BB061785DA0@phx.gbl_image001.p22
Extension of file  .p23
REMOVING FILE  ./personal_image_ham/BAY104-F29B6F03F6B492EA8BB061785DA0@phx.gbl_image001.p23
Extension of file  .p24
REMOVING FILE  ./personal_image_ham/BAY104-F29B6F03F6B492EA8BB061785DA0@phx.gbl_image001.p24
Extension of file  .p25
REMOVING FILE  ./personal_image_ham/BAY104-F29B6F03F6B492EA8BB061785DA0@phx.gbl_image001.p25
Extension of file  .png
PNG FILE SPOTTED. NOT REMOVING IT
removing unwanted png files created from gifs ./personal_image_ham/BAY104-F29B6F03F6B492EA8BB061785DA0@phx.gbl_image008.p01
BAY104-F29B6F03F6B492EA8BB061785DA0@phx.gbl_image008
Extension of file  .p01
REMOVING FILE  ./personal_image_ham/BAY104-F29B6F03F6B492EA8BB061785DA0@phx.gbl_image008.p01
Extension of file  .p02
REMOVING FILE  ./personal_image_ham/BAY104-F29B6F03F6B492EA8BB061785DA0@phx.gbl_image008.p02
Extension of file  .p03
REMOVING FILE  ./personal_image_ham/BAY104-F29B6F03F6B492EA8BB061785DA0@phx.gbl_image008.p03
Extension of file  .p04
REMOVING FILE  ./personal_image_ham/BAY104-F29B6F03F6B492EA8BB061785DA0@phx.gbl_image008.p04
Extension of file  .p05
REMOVING FILE  ./personal_image_ham/BAY104-F29B6F03F6B492EA8BB061785DA0@phx.gbl_image008.p05
Extension of file  .p06
REMOVING FILE  ./personal_image_ham/BAY104-F29B6F03F6B492EA8BB061785DA0@phx.gbl_image008.p06
Extension of file  .p07
REMOVING FILE  ./personal_image_ham/BAY104-F29B6F03F6B492EA8BB061785DA0@phx.gbl_image008.p07
Extension of file  .p08
REMOVING FILE  ./personal_image_ham/BAY104-F29B6F03F6B492EA8BB061785DA0@phx.gbl_image008.p08
Extension of file  .p09
REMOVING FILE  ./personal_image_ham/BAY104-F29B6F03F6B492EA8BB061785DA0@phx.gbl_image008.p09
Extension of file  .p10
REMOVING FILE  ./personal_image_ham/BAY104-F29B6F03F6B492EA8BB061785DA0@phx.gbl_image008.p10
Extension of file  .p11
REMOVING FILE  ./personal_image_ham/BAY104-F29B6F03F6B492EA8BB061785DA0@phx.gbl_image008.p11
Extension of file  .png
PNG FILE SPOTTED. NOT REMOVING IT
removing unwanted png files created from gifs ./personal_image_ham/BAY104-F29B6F03F6B492EA8BB061785DA0@phx.gbl_image009.p01
BAY104-F29B6F03F6B492EA8BB061785DA0@phx.gbl_image009
Extension of file  .p01
REMOVING FILE  ./personal_image_ham/BAY104-F29B6F03F6B492EA8BB061785DA0@phx.gbl_image009.p01
Extension of file  .png
PNG FILE SPOTTED. NOT REMOVING IT
removing unwanted png files created from gifs ./personal_image_ham/BAY104-F29B6F03F6B492EA8BB061785DA0@phx.gbl_image010.p01
BAY104-F29B6F03F6B492EA8BB061785DA0@phx.gbl_image010
Extension of file  .p01
REMOVING FILE  ./personal_image_ham/BAY104-F29B6F03F6B492EA8BB061785DA0@phx.gbl_image010.p01
Extension of file  .png
PNG FILE SPOTTED. NOT REMOVING IT
removing unwanted png files created from gifs ./personal_image_ham/BAY104-F29B6F03F6B492EA8BB061785DA0@phx.gbl_image011.p01
BAY104-F29B6F03F6B492EA8BB061785DA0@phx.gbl_image011
Extension of file  .p01
REMOVING FILE  ./personal_image_ham/BAY104-F29B6F03F6B492EA8BB061785DA0@phx.gbl_image011.p01
Extension of file  .p02
REMOVING FILE  ./personal_image_ham/BAY104-F29B6F03F6B492EA8BB061785DA0@phx.gbl_image011.p02
Extension of file  .p03
REMOVING FILE  ./personal_image_ham/BAY104-F29B6F03F6B492EA8BB061785DA0@phx.gbl_image011.p03
Extension of file  .png
PNG FILE SPOTTED. NOT REMOVING IT
removing unwanted png files created from gifs ./personal_image_ham/BAY104-F29B6F03F6B492EA8BB061785DA0@phx.gbl_image012.p01
BAY104-F29B6F03F6B492EA8BB061785DA0@phx.gbl_image012
Extension of file  .p01
REMOVING FILE  ./personal_image_ham/BAY104-F29B6F03F6B492EA8BB061785DA0@phx.gbl_image012.p01
Extension of file  .p02
REMOVING FILE  ./personal_image_ham/BAY104-F29B6F03F6B492EA8BB061785DA0@phx.gbl_image012.p02
Extension of file  .p03
REMOVING FILE  ./personal_image_ham/BAY104-F29B6F03F6B492EA8BB061785DA0@phx.gbl_image012.p03
Extension of file  .p04
REMOVING FILE  ./personal_image_ham/BAY104-F29B6F03F6B492EA8BB061785DA0@phx.gbl_image012.p04
Extension of file  .p05
REMOVING FILE  ./personal_image_ham/BAY104-F29B6F03F6B492EA8BB061785DA0@phx.gbl_image012.p05
Extension of file  .p06
REMOVING FILE  ./personal_image_ham/BAY104-F29B6F03F6B492EA8BB061785DA0@phx.gbl_image012.p06
Extension of file  .p07
REMOVING FILE  ./personal_image_ham/BAY104-F29B6F03F6B492EA8BB061785DA0@phx.gbl_image012.p07
Extension of file  .p08
REMOVING FILE  ./personal_image_ham/BAY104-F29B6F03F6B492EA8BB061785DA0@phx.gbl_image012.p08
Extension of file  .p09
REMOVING FILE  ./personal_image_ham/BAY104-F29B6F03F6B492EA8BB061785DA0@phx.gbl_image012.p09
Extension of file  .p10
REMOVING FILE  ./personal_image_ham/BAY104-F29B6F03F6B492EA8BB061785DA0@phx.gbl_image012.p10
Extension of file  .p11
REMOVING FILE  ./personal_image_ham/BAY104-F29B6F03F6B492EA8BB061785DA0@phx.gbl_image012.p11
Extension of file  .p12
REMOVING FILE  ./personal_image_ham/BAY104-F29B6F03F6B492EA8BB061785DA0@phx.gbl_image012.p12
Extension of file  .p13
REMOVING FILE  ./personal_image_ham/BAY104-F29B6F03F6B492EA8BB061785DA0@phx.gbl_image012.p13
Extension of file  .p14
REMOVING FILE  ./personal_image_ham/BAY104-F29B6F03F6B492EA8BB061785DA0@phx.gbl_image012.p14
Extension of file  .png
PNG FILE SPOTTED. NOT REMOVING IT
removing unwanted png files created from gifs ./personal_image_ham/BAY104-F4004BE305E9BBCD8887B9885F60@phx.gbl_image002.p01
BAY104-F4004BE305E9BBCD8887B9885F60@phx.gbl_image002
Extension of file  .p01
REMOVING FILE  ./personal_image_ham/BAY104-F4004BE305E9BBCD8887B9885F60@phx.gbl_image002.p01
Extension of file  .p02
REMOVING FILE  ./personal_image_ham/BAY104-F4004BE305E9BBCD8887B9885F60@phx.gbl_image002.p02
Extension of file  .p03
REMOVING FILE  ./personal_image_ham/BAY104-F4004BE305E9BBCD8887B9885F60@phx.gbl_image002.p03
Extension of file  .p04
REMOVING FILE  ./personal_image_ham/BAY104-F4004BE305E9BBCD8887B9885F60@phx.gbl_image002.p04
Extension of file  .p05
REMOVING FILE  ./personal_image_ham/BAY104-F4004BE305E9BBCD8887B9885F60@phx.gbl_image002.p05
Extension of file  .p06
REMOVING FILE  ./personal_image_ham/BAY104-F4004BE305E9BBCD8887B9885F60@phx.gbl_image002.p06
Extension of file  .p07
REMOVING FILE  ./personal_image_ham/BAY104-F4004BE305E9BBCD8887B9885F60@phx.gbl_image002.p07
Extension of file  .p08
REMOVING FILE  ./personal_image_ham/BAY104-F4004BE305E9BBCD8887B9885F60@phx.gbl_image002.p08
Extension of file  .png
PNG FILE SPOTTED. NOT REMOVING IT
removing unwanted png files created from gifs ./personal_image_ham/BAY104-F4004BE305E9BBCD8887B9885F60@phx.gbl_image003.p01
BAY104-F4004BE305E9BBCD8887B9885F60@phx.gbl_image003
Extension of file  .p01
REMOVING FILE  ./personal_image_ham/BAY104-F4004BE305E9BBCD8887B9885F60@phx.gbl_image003.p01
Extension of file  .p02
REMOVING FILE  ./personal_image_ham/BAY104-F4004BE305E9BBCD8887B9885F60@phx.gbl_image003.p02
Extension of file  .p03
REMOVING FILE  ./personal_image_ham/BAY104-F4004BE305E9BBCD8887B9885F60@phx.gbl_image003.p03
Extension of file  .p04
REMOVING FILE  ./personal_image_ham/BAY104-F4004BE305E9BBCD8887B9885F60@phx.gbl_image003.p04
Extension of file  .p05
REMOVING FILE  ./personal_image_ham/BAY104-F4004BE305E9BBCD8887B9885F60@phx.gbl_image003.p05
Extension of file  .p06
REMOVING FILE  ./personal_image_ham/BAY104-F4004BE305E9BBCD8887B9885F60@phx.gbl_image003.p06
Extension of file  .p07
REMOVING FILE  ./personal_image_ham/BAY104-F4004BE305E9BBCD8887B9885F60@phx.gbl_image003.p07
Extension of file  .p08
REMOVING FILE  ./personal_image_ham/BAY104-F4004BE305E9BBCD8887B9885F60@phx.gbl_image003.p08
Extension of file  .p09
REMOVING FILE  ./personal_image_ham/BAY104-F4004BE305E9BBCD8887B9885F60@phx.gbl_image003.p09
Extension of file  .png
PNG FILE SPOTTED. NOT REMOVING IT
removing unwanted png files created from gifs ./personal_image_ham/BAY104-F4004BE305E9BBCD8887B9885F60@phx.gbl_image004.p01
BAY104-F4004BE305E9BBCD8887B9885F60@phx.gbl_image004
Extension of file  .p01
REMOVING FILE  ./personal_image_ham/BAY104-F4004BE305E9BBCD8887B9885F60@phx.gbl_image004.p01
Extension of file  .p02
REMOVING FILE  ./personal_image_ham/BAY104-F4004BE305E9BBCD8887B9885F60@phx.gbl_image004.p02
Extension of file  .p03
REMOVING FILE  ./personal_image_ham/BAY104-F4004BE305E9BBCD8887B9885F60@phx.gbl_image004.p03
Extension of file  .p04
REMOVING FILE  ./personal_image_ham/BAY104-F4004BE305E9BBCD8887B9885F60@phx.gbl_image004.p04
Extension of file  .p05
REMOVING FILE  ./personal_image_ham/BAY104-F4004BE305E9BBCD8887B9885F60@phx.gbl_image004.p05
Extension of file  .p06
REMOVING FILE  ./personal_image_ham/BAY104-F4004BE305E9BBCD8887B9885F60@phx.gbl_image004.p06
Extension of file  .p07
REMOVING FILE  ./personal_image_ham/BAY104-F4004BE305E9BBCD8887B9885F60@phx.gbl_image004.p07
Extension of file  .p08
REMOVING FILE  ./personal_image_ham/BAY104-F4004BE305E9BBCD8887B9885F60@phx.gbl_image004.p08
Extension of file  .p09
REMOVING FILE  ./personal_image_ham/BAY104-F4004BE305E9BBCD8887B9885F60@phx.gbl_image004.p09
Extension of file  .p10
REMOVING FILE  ./personal_image_ham/BAY104-F4004BE305E9BBCD8887B9885F60@phx.gbl_image004.p10
Extension of file  .p11
REMOVING FILE  ./personal_image_ham/BAY104-F4004BE305E9BBCD8887B9885F60@phx.gbl_image004.p11
Extension of file  .p12
REMOVING FILE  ./personal_image_ham/BAY104-F4004BE305E9BBCD8887B9885F60@phx.gbl_image004.p12
Extension of file  .p13
REMOVING FILE  ./personal_image_ham/BAY104-F4004BE305E9BBCD8887B9885F60@phx.gbl_image004.p13
Extension of file  .p14
REMOVING FILE  ./personal_image_ham/BAY104-F4004BE305E9BBCD8887B9885F60@phx.gbl_image004.p14
Extension of file  .png
PNG FILE SPOTTED. NOT REMOVING IT
removing unwanted png files created from gifs ./personal_image_ham/BAY104-F4004BE305E9BBCD8887B9885F60@phx.gbl_image005.p01
BAY104-F4004BE305E9BBCD8887B9885F60@phx.gbl_image005
Extension of file  .p01
REMOVING FILE  ./personal_image_ham/BAY104-F4004BE305E9BBCD8887B9885F60@phx.gbl_image005.p01
Extension of file  .png
PNG FILE SPOTTED. NOT REMOVING IT
removing unwanted png files created from gifs ./personal_image_ham/BAY104-F4004BE305E9BBCD8887B9885F60@phx.gbl_image006.p01
BAY104-F4004BE305E9BBCD8887B9885F60@phx.gbl_image006
Extension of file  .p01
REMOVING FILE  ./personal_image_ham/BAY104-F4004BE305E9BBCD8887B9885F60@phx.gbl_image006.p01
Extension of file  .p02
REMOVING FILE  ./personal_image_ham/BAY104-F4004BE305E9BBCD8887B9885F60@phx.gbl_image006.p02
Extension of file  .p03
REMOVING FILE  ./personal_image_ham/BAY104-F4004BE305E9BBCD8887B9885F60@phx.gbl_image006.p03
Extension of file  .png
PNG FILE SPOTTED. NOT REMOVING IT
#Files removed  664
